The target system is: QNX - 1 - aarch64
The host system is: Linux - 5.15.0-60-generic - x86_64
Compiling the C compiler identification source file "CMakeCCompilerId.c" succeeded.
Compiler: /home/yacine/qnx710/host/linux/x86_64/usr/bin/aarch64-unknown-nto-qnx7.1.0-gcc 
Build flags: ;;;-std=gnu99;-lsocket;-fPIC;-D_XOPEN_SOURCE=700;-std=gnu99;-lsocket;-fPIC;-D_XOPEN_SOURCE=700
Id flags:  

The output was:
0


Compilation of the C compiler identification source "CMakeCCompilerId.c" produced "a.out"

The C compiler identification is GNU, found in "/home/yacine/zero/depandancies/tinyxml2old/repo/build/CMakeFiles/3.16.3/CompilerIdC/a.out"

Compiling the CXX compiler identification source file "CMakeCXXCompilerId.cpp" succeeded.
Compiler: /home/yacine/qnx710/host/linux/x86_64/usr/bin/aarch64-unknown-nto-qnx7.1.0-g++ 
Build flags: --sysroot=/home/yacine/qnx710/target/qnx7;--sysroot=/home/yacine/qnx710/target/qnx7;;;--sysroot=/home/yacine/qnx710/target/qnx7;;;;-lsocket;-fexceptions;-fPIC;-D_XOPEN_SOURCE=700;-std=c++17;-lsocket;-fexceptions;-fPIC;-D_XOPEN_SOURCE=700;-std=c++17
Id flags:  

The output was:
0


Compilation of the CXX compiler identification source "CMakeCXXCompilerId.cpp" produced "a.out"

The CXX compiler identification is GNU, found in "/home/yacine/zero/depandancies/tinyxml2old/repo/build/CMakeFiles/3.16.3/CompilerIdCXX/a.out"

Determining if the C compiler works passed with the following output:
Change Dir: /home/yacine/zero/depandancies/tinyxml2old/repo/build/CMakeFiles/CMakeTmp

Run Build Command(s):/home/yacine/qnx710/host/linux/x86_64/usr/bin/make cmTC_6853d/fast && /home/yacine/qnx710/host/linux/x86_64/usr/bin/make -f CMakeFiles/cmTC_6853d.dir/build.make CMakeFiles/cmTC_6853d.dir/build
make[1]: Entering directory '/home/yacine/zero/depandancies/tinyxml2old/repo/build/CMakeFiles/CMakeTmp'
Building C object CMakeFiles/cmTC_6853d.dir/testCCompiler.c.o
/home/yacine/qnx710/host/linux/x86_64/usr/bin/aarch64-unknown-nto-qnx7.1.0-gcc --sysroot=/home/yacine/qnx710/target/qnx7 -DBOOST_ERROR_CODE_HEADER_ONLY -DHAS_BOOST -D_FILE_OFFSET_BITS=64 -D_POSIX_C_SOURCE=200112L -D_QNX_SOURCE -D__AARCH64_QNX__ -I/home/yacine/zero/install/include -I/home/yacine/qnx710/target/qnx7/aarch64le/usr/include -I/home/yacine/qnx710/target/qnx7/usr/include -I/home/yacine/qnx710/target/qnx7/usr/include/aarch64 -I/home/yacine/qnx710/target/qnx7/usr/include/aarch64/usr/lib -I/home/yacine/qnx710/target/qnx7/usr/include/c++/v1 -I/home/yacine/zero/mpc/RocketSolver/include  -std=gnu99 -lsocket -fPIC -D_XOPEN_SOURCE=700 -std=gnu99 -lsocket -fPIC -D_XOPEN_SOURCE=700    -o CMakeFiles/cmTC_6853d.dir/testCCompiler.c.o   -c /home/yacine/zero/depandancies/tinyxml2old/repo/build/CMakeFiles/CMakeTmp/testCCompiler.c
Linking C executable cmTC_6853d
/usr/bin/cmake -E cmake_link_script CMakeFiles/cmTC_6853d.dir/link.txt --verbose=1
/home/yacine/qnx710/host/linux/x86_64/usr/bin/aarch64-unknown-nto-qnx7.1.0-gcc --sysroot=/home/yacine/qnx710/target/qnx7    -std=gnu99 -lsocket -fPIC -D_XOPEN_SOURCE=700 -std=gnu99 -lsocket -fPIC -D_XOPEN_SOURCE=700   -Wl,--no-undefined -Wl,--gc-sections -Wl,-z,relro -Wl,-z,now -Wl,--no-undefined -Wl,--gc-sections -Wl,-z,relro -Wl,-z,now   CMakeFiles/cmTC_6853d.dir/testCCompiler.c.o  -o cmTC_6853d   -L/home/yacine/qnx710/target/qnx7/aarch64le/usr/lib  -L/home/yacine/qnx710/target/qnx7/aarch64le/lib  -L/home/yacine/zero/install/lib  -L/home/yacine/zero/install/lib/cmake 
make[1]: Leaving directory '/home/yacine/zero/depandancies/tinyxml2old/repo/build/CMakeFiles/CMakeTmp'



Detecting C compiler ABI info compiled with the following output:
Change Dir: /home/yacine/zero/depandancies/tinyxml2old/repo/build/CMakeFiles/CMakeTmp

Run Build Command(s):/home/yacine/qnx710/host/linux/x86_64/usr/bin/make cmTC_709f7/fast && /home/yacine/qnx710/host/linux/x86_64/usr/bin/make -f CMakeFiles/cmTC_709f7.dir/build.make CMakeFiles/cmTC_709f7.dir/build
make[1]: Entering directory '/home/yacine/zero/depandancies/tinyxml2old/repo/build/CMakeFiles/CMakeTmp'
Building C object CMakeFiles/cmTC_709f7.dir/CMakeCCompilerABI.c.o
/home/yacine/qnx710/host/linux/x86_64/usr/bin/aarch64-unknown-nto-qnx7.1.0-gcc --sysroot=/home/yacine/qnx710/target/qnx7 -DBOOST_ERROR_CODE_HEADER_ONLY -DHAS_BOOST -D_FILE_OFFSET_BITS=64 -D_POSIX_C_SOURCE=200112L -D_QNX_SOURCE -D__AARCH64_QNX__  -std=gnu99 -lsocket -fPIC -D_XOPEN_SOURCE=700 -std=gnu99 -lsocket -fPIC -D_XOPEN_SOURCE=700    -v -o CMakeFiles/cmTC_709f7.dir/CMakeCCompilerABI.c.o   -c /usr/share/cmake-3.16/Modules/CMakeCCompilerABI.c
Using built-in specs.
COLLECT_GCC=/home/yacine/qnx710/host/linux/x86_64/usr/bin/aarch64-unknown-nto-qnx7.1.0-gcc
Target: aarch64-unknown-nto-qnx7.1.0
Configured with: ../configure --srcdir=.. --enable-gnu-indirect-function=yes --enable-cxx-flags=-stdlib=libstdc++ --enable-cheaders=c_global --enable-initfini-array --enable-default-pie --with-as=aarch64-unknown-nto-qnx7.1.0-as --with-ld=aarch64-unknown-nto-qnx7.1.0-ld --prefix=/opt/qnx710/host/linux/x86_64/usr --libexecdir=/opt/qnx710/host/linux/x86_64/usr/lib --with-gxx-include-dir=/opt/qnx710/target/qnx7/usr/include/c++/8.3.0 --enable-threads=posix --enable-__cxa_atexit --enable-languages=c++ --with-sysroot=/opt/qnx710/target/qnx7 --target=aarch64-unknown-nto-qnx7.1.0 --disable-nls --disable-tls --disable-libssp --disable-libstdcxx-pch --enable-libgomp --enable-shared --enable-multilib --with-bugurl=http://www.qnx.com --enable-default-ssp CC=x86_64-unknown-linux-gnu-gcc CFLAGS=-m64 LDFLAGS='-Wl,-s ' CXX=x86_64-unknown-linux-gnu-g++ CXXFLAGS=-m64 AUTOMAKE=: AUTOCONF=: AUTOHEADER=: AUTORECONF=: ACLOCAL=:
Thread model: posix
gcc version 8.3.0 20190222 (lookup) [qnx710 1535#57] (GCC) 
COLLECT_GCC_OPTIONS='-D' 'BOOST_ERROR_CODE_HEADER_ONLY' '-D' 'HAS_BOOST' '-D' '_FILE_OFFSET_BITS=64' '-D' '_POSIX_C_SOURCE=200112L' '-D' '_QNX_SOURCE' '-D' '__AARCH64_QNX__' '-std=gnu99' '-D' '_XOPEN_SOURCE=700' '-std=gnu99' '-fPIC' '-D' '_XOPEN_SOURCE=700' '-v' '-o' 'CMakeFiles/cmTC_709f7.dir/CMakeCCompilerABI.c.o' '-c' '-mlittle-endian' '-mabi=lp64'
 /home/yacine/qnx710/host/linux/x86_64/usr/lib/gcc/aarch64-unknown-nto-qnx7.1.0/8.3.0/cc1 -quiet -v -imultilib pic -isysroot /home/yacine/qnx710/target/qnx7 -isystem /home/yacine/qnx710/host/linux/x86_64/usr/lib/gcc/aarch64-unknown-nto-qnx7.1.0/8.3.0/include -isysroot /home/yacine/qnx710/target/qnx7/ -D__LITTLEENDIAN__ -D__AARCH64EL__ -D BOOST_ERROR_CODE_HEADER_ONLY -D HAS_BOOST -D _FILE_OFFSET_BITS=64 -D _POSIX_C_SOURCE=200112L -D _QNX_SOURCE -D __AARCH64_QNX__ -D _XOPEN_SOURCE=700 -D _XOPEN_SOURCE=700 /usr/share/cmake-3.16/Modules/CMakeCCompilerABI.c -mlittle-endian -quiet -dumpbase CMakeCCompilerABI.c -mlittle-endian -mabi=lp64 -auxbase-strip CMakeFiles/cmTC_709f7.dir/CMakeCCompilerABI.c.o -std=gnu99 -std=gnu99 -version -fPIC -o /tmp/ccb3TqPa.s
GNU C99 (GCC) version 8.3.0 20190222 (lookup) [qnx710 1535#57] (aarch64-unknown-nto-qnx7.1.0)
	compiled by GNU C version 8.3.0, GMP version 6.1.2, MPFR version 4.0.1, MPC version 1.1.0, isl version none
GGC heuristics: --param ggc-min-expand=100 --param ggc-min-heapsize=131072
ignoring nonexistent directory "/opt/qnx710/host/linux/x86_64/usr/lib/gcc/aarch64-unknown-nto-qnx7.1.0/8.3.0/include"
ignoring nonexistent directory "/home/yacine/qnx710/target/qnx7/usr/local/include"
ignoring nonexistent directory "/opt/qnx710/host/linux/x86_64/usr/lib/gcc/aarch64-unknown-nto-qnx7.1.0/8.3.0/include-fixed"
ignoring nonexistent directory "/opt/qnx710/host/linux/x86_64/usr/aarch64-unknown-nto-qnx7.1.0/include"
#include "..." search starts here:
#include <...> search starts here:
 /home/yacine/qnx710/host/linux/x86_64/usr/lib/gcc/aarch64-unknown-nto-qnx7.1.0/8.3.0/include
 /home/yacine/qnx710/target/qnx7/usr/include
End of search list.
GNU C99 (GCC) version 8.3.0 20190222 (lookup) [qnx710 1535#57] (aarch64-unknown-nto-qnx7.1.0)
	compiled by GNU C version 8.3.0, GMP version 6.1.2, MPFR version 4.0.1, MPC version 1.1.0, isl version none
GGC heuristics: --param ggc-min-expand=100 --param ggc-min-heapsize=131072
Compiler executable checksum: a54b6f30ae2c7b4679d25781eae7264a
COLLECT_GCC_OPTIONS='-D' 'BOOST_ERROR_CODE_HEADER_ONLY' '-D' 'HAS_BOOST' '-D' '_FILE_OFFSET_BITS=64' '-D' '_POSIX_C_SOURCE=200112L' '-D' '_QNX_SOURCE' '-D' '__AARCH64_QNX__' '-std=gnu99' '-D' '_XOPEN_SOURCE=700' '-std=gnu99' '-fPIC' '-D' '_XOPEN_SOURCE=700' '-v' '-o' 'CMakeFiles/cmTC_709f7.dir/CMakeCCompilerABI.c.o' '-c' '-mlittle-endian' '-mabi=lp64'
 /home/yacine/qnx710/host/linux/x86_64/usr/bin/aarch64-unknown-nto-qnx7.1.0-as -v -EL -mabi=lp64 -o CMakeFiles/cmTC_709f7.dir/CMakeCCompilerABI.c.o /tmp/ccb3TqPa.s
GNU assembler version 2.32.0 (aarch64-unknown-nto-qnx7.1.0) using BFD version (GNU Binutils) 2.32.0.20190627 [Release qnx710 r1541]
COMPILER_PATH=/home/yacine/qnx710/host/linux/x86_64/usr/bin/:/home/yacine/qnx710/host/linux/x86_64/usr/lib/gcc/aarch64-unknown-nto-qnx7.1.0/8.3.0/:/home/yacine/qnx710/host/linux/x86_64/usr/lib/gcc/aarch64-unknown-nto-qnx7.1.0/8.3.0/:/home/yacine/qnx710/host/linux/x86_64/usr/lib/gcc/aarch64-unknown-nto-qnx7.1.0/:/home/yacine/qnx710/host/linux/x86_64/usr/lib/gcc/aarch64-unknown-nto-qnx7.1.0/8.3.0/:/home/yacine/qnx710/host/linux/x86_64/usr/lib/gcc/aarch64-unknown-nto-qnx7.1.0/
LIBRARY_PATH=/home/yacine/qnx710/host/linux/x86_64/usr/lib/gcc/aarch64-unknown-nto-qnx7.1.0/8.3.0/pic/:/home/yacine/qnx710/host/linux/x86_64/usr/lib/gcc/aarch64-unknown-nto-qnx7.1.0/8.3.0/:/home/yacine/qnx710/target/qnx7/usr/lib/
COLLECT_GCC_OPTIONS='-D' 'BOOST_ERROR_CODE_HEADER_ONLY' '-D' 'HAS_BOOST' '-D' '_FILE_OFFSET_BITS=64' '-D' '_POSIX_C_SOURCE=200112L' '-D' '_QNX_SOURCE' '-D' '__AARCH64_QNX__' '-std=gnu99' '-D' '_XOPEN_SOURCE=700' '-std=gnu99' '-fPIC' '-D' '_XOPEN_SOURCE=700' '-v' '-o' 'CMakeFiles/cmTC_709f7.dir/CMakeCCompilerABI.c.o' '-c' '-mlittle-endian' '-mabi=lp64'
Linking C executable cmTC_709f7
/usr/bin/cmake -E cmake_link_script CMakeFiles/cmTC_709f7.dir/link.txt --verbose=1
/home/yacine/qnx710/host/linux/x86_64/usr/bin/aarch64-unknown-nto-qnx7.1.0-gcc --sysroot=/home/yacine/qnx710/target/qnx7    -std=gnu99 -lsocket -fPIC -D_XOPEN_SOURCE=700 -std=gnu99 -lsocket -fPIC -D_XOPEN_SOURCE=700   -Wl,--no-undefined -Wl,--gc-sections -Wl,-z,relro -Wl,-z,now -Wl,--no-undefined -Wl,--gc-sections -Wl,-z,relro -Wl,-z,now  -v CMakeFiles/cmTC_709f7.dir/CMakeCCompilerABI.c.o  -o cmTC_709f7   -L/home/yacine/qnx710/target/qnx7/aarch64le/usr/lib  -L/home/yacine/qnx710/target/qnx7/aarch64le/lib  -L/home/yacine/zero/install/lib  -L/home/yacine/zero/install/lib/cmake 
Using built-in specs.
COLLECT_GCC=/home/yacine/qnx710/host/linux/x86_64/usr/bin/aarch64-unknown-nto-qnx7.1.0-gcc
COLLECT_LTO_WRAPPER=/home/yacine/qnx710/host/linux/x86_64/usr/lib/gcc/aarch64-unknown-nto-qnx7.1.0/8.3.0/lto-wrapper
Target: aarch64-unknown-nto-qnx7.1.0
Configured with: ../configure --srcdir=.. --enable-gnu-indirect-function=yes --enable-cxx-flags=-stdlib=libstdc++ --enable-cheaders=c_global --enable-initfini-array --enable-default-pie --with-as=aarch64-unknown-nto-qnx7.1.0-as --with-ld=aarch64-unknown-nto-qnx7.1.0-ld --prefix=/opt/qnx710/host/linux/x86_64/usr --libexecdir=/opt/qnx710/host/linux/x86_64/usr/lib --with-gxx-include-dir=/opt/qnx710/target/qnx7/usr/include/c++/8.3.0 --enable-threads=posix --enable-__cxa_atexit --enable-languages=c++ --with-sysroot=/opt/qnx710/target/qnx7 --target=aarch64-unknown-nto-qnx7.1.0 --disable-nls --disable-tls --disable-libssp --disable-libstdcxx-pch --enable-libgomp --enable-shared --enable-multilib --with-bugurl=http://www.qnx.com --enable-default-ssp CC=x86_64-unknown-linux-gnu-gcc CFLAGS=-m64 LDFLAGS='-Wl,-s ' CXX=x86_64-unknown-linux-gnu-g++ CXXFLAGS=-m64 AUTOMAKE=: AUTOCONF=: AUTOHEADER=: AUTORECONF=: ACLOCAL=:
Thread model: posix
gcc version 8.3.0 20190222 (lookup) [qnx710 1535#57] (GCC) 
COMPILER_PATH=/home/yacine/qnx710/host/linux/x86_64/usr/bin/:/home/yacine/qnx710/host/linux/x86_64/usr/lib/gcc/aarch64-unknown-nto-qnx7.1.0/8.3.0/:/home/yacine/qnx710/host/linux/x86_64/usr/lib/gcc/aarch64-unknown-nto-qnx7.1.0/8.3.0/:/home/yacine/qnx710/host/linux/x86_64/usr/lib/gcc/aarch64-unknown-nto-qnx7.1.0/:/home/yacine/qnx710/host/linux/x86_64/usr/lib/gcc/aarch64-unknown-nto-qnx7.1.0/8.3.0/:/home/yacine/qnx710/host/linux/x86_64/usr/lib/gcc/aarch64-unknown-nto-qnx7.1.0/
LIBRARY_PATH=/home/yacine/qnx710/host/linux/x86_64/usr/lib/gcc/aarch64-unknown-nto-qnx7.1.0/8.3.0/pic/:/home/yacine/qnx710/host/linux/x86_64/usr/lib/gcc/aarch64-unknown-nto-qnx7.1.0/8.3.0/:/home/yacine/qnx710/target/qnx7/usr/lib/
COLLECT_GCC_OPTIONS='-std=gnu99' '-D' '_XOPEN_SOURCE=700' '-std=gnu99' '-fPIC' '-D' '_XOPEN_SOURCE=700' '-v' '-o' 'cmTC_709f7' '-L/home/yacine/qnx710/target/qnx7/aarch64le/usr/lib' '-L/home/yacine/qnx710/target/qnx7/aarch64le/lib' '-L/home/yacine/zero/install/lib' '-L/home/yacine/zero/install/lib/cmake' '-mlittle-endian' '-mabi=lp64'
 /home/yacine/qnx710/host/linux/x86_64/usr/lib/gcc/aarch64-unknown-nto-qnx7.1.0/8.3.0/collect2 -plugin /home/yacine/qnx710/host/linux/x86_64/usr/lib/gcc/aarch64-unknown-nto-qnx7.1.0/8.3.0/liblto_plugin.so -plugin-opt=/home/yacine/qnx710/host/linux/x86_64/usr/lib/gcc/aarch64-unknown-nto-qnx7.1.0/8.3.0/lto-wrapper -plugin-opt=-fresolution=/tmp/ccHaWtGD.res -plugin-opt=-pass-through=-lgcc -plugin-opt=-pass-through=-lgcc_s -plugin-opt=-pass-through=-lc -plugin-opt=-pass-through=-lcS -plugin-opt=-pass-through=-lgcc -plugin-opt=-pass-through=-lgcc_s --sysroot=/home/yacine/qnx710/target/qnx7 --eh-frame-hdr -V --build-id=md5 --warn-shared-textrel -zrelro -znow --dynamic-linker /usr/lib/ldqnx-64.so.2 -X -EL -pie -o cmTC_709f7 /home/yacine/qnx710/target/qnx7/aarch64le/lib/crt1.o /home/yacine/qnx710/target/qnx7/aarch64le/lib/crti.o /home/yacine/qnx710/host/linux/x86_64/usr/lib/gcc/aarch64-unknown-nto-qnx7.1.0/8.3.0/pic/crtbegin.o -L/home/yacine/qnx710/target/qnx7/aarch64le/usr/lib -L/home/yacine/qnx710/target/qnx7/aarch64le/lib -L/home/yacine/zero/install/lib -L/home/yacine/zero/install/lib/cmake -L/home/yacine/qnx710/host/linux/x86_64/usr/lib/gcc/aarch64-unknown-nto-qnx7.1.0/8.3.0/pic -L/home/yacine/qnx710/host/linux/x86_64/usr/lib/gcc/aarch64-unknown-nto-qnx7.1.0/8.3.0 -L/home/yacine/qnx710/target/qnx7/usr/lib -L /home/yacine/qnx710/target/qnx7/aarch64le/lib/gcc/8.3.0 -L /home/yacine/qnx710/target/qnx7/aarch64le/lib -L /home/yacine/qnx710/target/qnx7/aarch64le/usr/lib -L /home/yacine/qnx710/target/qnx7/aarch64le/opt/lib -rpath-link /home/yacine/qnx710/target/qnx7/aarch64le/lib/gcc/8.3.0:/home/yacine/qnx710/target/qnx7/aarch64le/lib:/home/yacine/qnx710/target/qnx7/aarch64le/usr/lib:/home/yacine/qnx710/target/qnx7/aarch64le/opt/lib -lsocket -lsocket --no-undefined --gc-sections -z relro -z now --no-undefined --gc-sections -z relro -z now CMakeFiles/cmTC_709f7.dir/CMakeCCompilerABI.c.o -lgcc --as-needed -lgcc_s --no-as-needed -lc -lcS -lgcc --as-needed -lgcc_s --no-as-needed /home/yacine/qnx710/host/linux/x86_64/usr/lib/gcc/aarch64-unknown-nto-qnx7.1.0/8.3.0/pic/crtend.o /home/yacine/qnx710/target/qnx7/aarch64le/lib/crtn.o
GNU ld (GNU Binutils) 2.32.0.20190627 [Release qnx710 r1541]
  Supported emulations:
   aarch64nto
   aarch64elf
   aarch64elf32
   aarch64elf32b
   aarch64elfb
   armelf
   armelfb
COLLECT_GCC_OPTIONS='-std=gnu99' '-D' '_XOPEN_SOURCE=700' '-std=gnu99' '-fPIC' '-D' '_XOPEN_SOURCE=700' '-v' '-o' 'cmTC_709f7' '-L/home/yacine/qnx710/target/qnx7/aarch64le/usr/lib' '-L/home/yacine/qnx710/target/qnx7/aarch64le/lib' '-L/home/yacine/zero/install/lib' '-L/home/yacine/zero/install/lib/cmake' '-mlittle-endian' '-mabi=lp64'
make[1]: Leaving directory '/home/yacine/zero/depandancies/tinyxml2old/repo/build/CMakeFiles/CMakeTmp'



Parsed C implicit include dir info from above output: rv=done
  found start of include info
  found start of implicit include info
    add: [/home/yacine/qnx710/host/linux/x86_64/usr/lib/gcc/aarch64-unknown-nto-qnx7.1.0/8.3.0/include]
    add: [/home/yacine/qnx710/target/qnx7/usr/include]
  end of search list found
  collapse include dir [/home/yacine/qnx710/host/linux/x86_64/usr/lib/gcc/aarch64-unknown-nto-qnx7.1.0/8.3.0/include] ==> [/home/yacine/qnx710/host/linux/x86_64/usr/lib/gcc/aarch64-unknown-nto-qnx7.1.0/8.3.0/include]
  collapse include dir [/home/yacine/qnx710/target/qnx7/usr/include] ==> [/home/yacine/qnx710/target/qnx7/usr/include]
  implicit include dirs: [/home/yacine/qnx710/host/linux/x86_64/usr/lib/gcc/aarch64-unknown-nto-qnx7.1.0/8.3.0/include;/home/yacine/qnx710/target/qnx7/usr/include]


Parsed C implicit link information from above output:
  link line regex: [^( *|.*[/\])(aarch64-unknown-nto-qnx7\.1\.0-ld|CMAKE_LINK_STARTFILE-NOTFOUND|([^/\]+-)?ld|collect2)[^/\]*( |$)]
  ignore line: [Change Dir: /home/yacine/zero/depandancies/tinyxml2old/repo/build/CMakeFiles/CMakeTmp]
  ignore line: []
  ignore line: [Run Build Command(s):/home/yacine/qnx710/host/linux/x86_64/usr/bin/make cmTC_709f7/fast && /home/yacine/qnx710/host/linux/x86_64/usr/bin/make -f CMakeFiles/cmTC_709f7.dir/build.make CMakeFiles/cmTC_709f7.dir/build]
  ignore line: [make[1]: Entering directory '/home/yacine/zero/depandancies/tinyxml2old/repo/build/CMakeFiles/CMakeTmp']
  ignore line: [Building C object CMakeFiles/cmTC_709f7.dir/CMakeCCompilerABI.c.o]
  ignore line: [/home/yacine/qnx710/host/linux/x86_64/usr/bin/aarch64-unknown-nto-qnx7.1.0-gcc --sysroot=/home/yacine/qnx710/target/qnx7 -DBOOST_ERROR_CODE_HEADER_ONLY -DHAS_BOOST -D_FILE_OFFSET_BITS=64 -D_POSIX_C_SOURCE=200112L -D_QNX_SOURCE -D__AARCH64_QNX__  -std=gnu99 -lsocket -fPIC -D_XOPEN_SOURCE=700 -std=gnu99 -lsocket -fPIC -D_XOPEN_SOURCE=700    -v -o CMakeFiles/cmTC_709f7.dir/CMakeCCompilerABI.c.o   -c /usr/share/cmake-3.16/Modules/CMakeCCompilerABI.c]
  ignore line: [Using built-in specs.]
  ignore line: [COLLECT_GCC=/home/yacine/qnx710/host/linux/x86_64/usr/bin/aarch64-unknown-nto-qnx7.1.0-gcc]
  ignore line: [Target: aarch64-unknown-nto-qnx7.1.0]
  ignore line: [Configured with: ../configure --srcdir=.. --enable-gnu-indirect-function=yes --enable-cxx-flags=-stdlib=libstdc++ --enable-cheaders=c_global --enable-initfini-array --enable-default-pie --with-as=aarch64-unknown-nto-qnx7.1.0-as --with-ld=aarch64-unknown-nto-qnx7.1.0-ld --prefix=/opt/qnx710/host/linux/x86_64/usr --libexecdir=/opt/qnx710/host/linux/x86_64/usr/lib --with-gxx-include-dir=/opt/qnx710/target/qnx7/usr/include/c++/8.3.0 --enable-threads=posix --enable-__cxa_atexit --enable-languages=c++ --with-sysroot=/opt/qnx710/target/qnx7 --target=aarch64-unknown-nto-qnx7.1.0 --disable-nls --disable-tls --disable-libssp --disable-libstdcxx-pch --enable-libgomp --enable-shared --enable-multilib --with-bugurl=http://www.qnx.com --enable-default-ssp CC=x86_64-unknown-linux-gnu-gcc CFLAGS=-m64 LDFLAGS='-Wl,-s ' CXX=x86_64-unknown-linux-gnu-g++ CXXFLAGS=-m64 AUTOMAKE=: AUTOCONF=: AUTOHEADER=: AUTORECONF=: ACLOCAL=:]
  ignore line: [Thread model: posix]
  ignore line: [gcc version 8.3.0 20190222 (lookup) [qnx710 1535#57] (GCC) ]
  ignore line: [COLLECT_GCC_OPTIONS='-D' 'BOOST_ERROR_CODE_HEADER_ONLY' '-D' 'HAS_BOOST' '-D' '_FILE_OFFSET_BITS=64' '-D' '_POSIX_C_SOURCE=200112L' '-D' '_QNX_SOURCE' '-D' '__AARCH64_QNX__' '-std=gnu99' '-D' '_XOPEN_SOURCE=700' '-std=gnu99' '-fPIC' '-D' '_XOPEN_SOURCE=700' '-v' '-o' 'CMakeFiles/cmTC_709f7.dir/CMakeCCompilerABI.c.o' '-c' '-mlittle-endian' '-mabi=lp64']
  ignore line: [ /home/yacine/qnx710/host/linux/x86_64/usr/lib/gcc/aarch64-unknown-nto-qnx7.1.0/8.3.0/cc1 -quiet -v -imultilib pic -isysroot /home/yacine/qnx710/target/qnx7 -isystem /home/yacine/qnx710/host/linux/x86_64/usr/lib/gcc/aarch64-unknown-nto-qnx7.1.0/8.3.0/include -isysroot /home/yacine/qnx710/target/qnx7/ -D__LITTLEENDIAN__ -D__AARCH64EL__ -D BOOST_ERROR_CODE_HEADER_ONLY -D HAS_BOOST -D _FILE_OFFSET_BITS=64 -D _POSIX_C_SOURCE=200112L -D _QNX_SOURCE -D __AARCH64_QNX__ -D _XOPEN_SOURCE=700 -D _XOPEN_SOURCE=700 /usr/share/cmake-3.16/Modules/CMakeCCompilerABI.c -mlittle-endian -quiet -dumpbase CMakeCCompilerABI.c -mlittle-endian -mabi=lp64 -auxbase-strip CMakeFiles/cmTC_709f7.dir/CMakeCCompilerABI.c.o -std=gnu99 -std=gnu99 -version -fPIC -o /tmp/ccb3TqPa.s]
  ignore line: [GNU C99 (GCC) version 8.3.0 20190222 (lookup) [qnx710 1535#57] (aarch64-unknown-nto-qnx7.1.0)]
  ignore line: [	compiled by GNU C version 8.3.0  GMP version 6.1.2  MPFR version 4.0.1  MPC version 1.1.0  isl version none]
  ignore line: [GGC heuristics: --param ggc-min-expand=100 --param ggc-min-heapsize=131072]
  ignore line: [ignoring nonexistent directory "/opt/qnx710/host/linux/x86_64/usr/lib/gcc/aarch64-unknown-nto-qnx7.1.0/8.3.0/include"]
  ignore line: [ignoring nonexistent directory "/home/yacine/qnx710/target/qnx7/usr/local/include"]
  ignore line: [ignoring nonexistent directory "/opt/qnx710/host/linux/x86_64/usr/lib/gcc/aarch64-unknown-nto-qnx7.1.0/8.3.0/include-fixed"]
  ignore line: [ignoring nonexistent directory "/opt/qnx710/host/linux/x86_64/usr/aarch64-unknown-nto-qnx7.1.0/include"]
  ignore line: [#include "..." search starts here:]
  ignore line: [#include <...> search starts here:]
  ignore line: [ /home/yacine/qnx710/host/linux/x86_64/usr/lib/gcc/aarch64-unknown-nto-qnx7.1.0/8.3.0/include]
  ignore line: [ /home/yacine/qnx710/target/qnx7/usr/include]
  ignore line: [End of search list.]
  ignore line: [GNU C99 (GCC) version 8.3.0 20190222 (lookup) [qnx710 1535#57] (aarch64-unknown-nto-qnx7.1.0)]
  ignore line: [	compiled by GNU C version 8.3.0  GMP version 6.1.2  MPFR version 4.0.1  MPC version 1.1.0  isl version none]
  ignore line: [GGC heuristics: --param ggc-min-expand=100 --param ggc-min-heapsize=131072]
  ignore line: [Compiler executable checksum: a54b6f30ae2c7b4679d25781eae7264a]
  ignore line: [COLLECT_GCC_OPTIONS='-D' 'BOOST_ERROR_CODE_HEADER_ONLY' '-D' 'HAS_BOOST' '-D' '_FILE_OFFSET_BITS=64' '-D' '_POSIX_C_SOURCE=200112L' '-D' '_QNX_SOURCE' '-D' '__AARCH64_QNX__' '-std=gnu99' '-D' '_XOPEN_SOURCE=700' '-std=gnu99' '-fPIC' '-D' '_XOPEN_SOURCE=700' '-v' '-o' 'CMakeFiles/cmTC_709f7.dir/CMakeCCompilerABI.c.o' '-c' '-mlittle-endian' '-mabi=lp64']
  ignore line: [ /home/yacine/qnx710/host/linux/x86_64/usr/bin/aarch64-unknown-nto-qnx7.1.0-as -v -EL -mabi=lp64 -o CMakeFiles/cmTC_709f7.dir/CMakeCCompilerABI.c.o /tmp/ccb3TqPa.s]
  ignore line: [GNU assembler version 2.32.0 (aarch64-unknown-nto-qnx7.1.0) using BFD version (GNU Binutils) 2.32.0.20190627 [Release qnx710 r1541]]
  ignore line: [COMPILER_PATH=/home/yacine/qnx710/host/linux/x86_64/usr/bin/:/home/yacine/qnx710/host/linux/x86_64/usr/lib/gcc/aarch64-unknown-nto-qnx7.1.0/8.3.0/:/home/yacine/qnx710/host/linux/x86_64/usr/lib/gcc/aarch64-unknown-nto-qnx7.1.0/8.3.0/:/home/yacine/qnx710/host/linux/x86_64/usr/lib/gcc/aarch64-unknown-nto-qnx7.1.0/:/home/yacine/qnx710/host/linux/x86_64/usr/lib/gcc/aarch64-unknown-nto-qnx7.1.0/8.3.0/:/home/yacine/qnx710/host/linux/x86_64/usr/lib/gcc/aarch64-unknown-nto-qnx7.1.0/]
  ignore line: [LIBRARY_PATH=/home/yacine/qnx710/host/linux/x86_64/usr/lib/gcc/aarch64-unknown-nto-qnx7.1.0/8.3.0/pic/:/home/yacine/qnx710/host/linux/x86_64/usr/lib/gcc/aarch64-unknown-nto-qnx7.1.0/8.3.0/:/home/yacine/qnx710/target/qnx7/usr/lib/]
  ignore line: [COLLECT_GCC_OPTIONS='-D' 'BOOST_ERROR_CODE_HEADER_ONLY' '-D' 'HAS_BOOST' '-D' '_FILE_OFFSET_BITS=64' '-D' '_POSIX_C_SOURCE=200112L' '-D' '_QNX_SOURCE' '-D' '__AARCH64_QNX__' '-std=gnu99' '-D' '_XOPEN_SOURCE=700' '-std=gnu99' '-fPIC' '-D' '_XOPEN_SOURCE=700' '-v' '-o' 'CMakeFiles/cmTC_709f7.dir/CMakeCCompilerABI.c.o' '-c' '-mlittle-endian' '-mabi=lp64']
  ignore line: [Linking C executable cmTC_709f7]
  ignore line: [/usr/bin/cmake -E cmake_link_script CMakeFiles/cmTC_709f7.dir/link.txt --verbose=1]
  ignore line: [/home/yacine/qnx710/host/linux/x86_64/usr/bin/aarch64-unknown-nto-qnx7.1.0-gcc --sysroot=/home/yacine/qnx710/target/qnx7    -std=gnu99 -lsocket -fPIC -D_XOPEN_SOURCE=700 -std=gnu99 -lsocket -fPIC -D_XOPEN_SOURCE=700   -Wl --no-undefined -Wl --gc-sections -Wl -z relro -Wl -z now -Wl --no-undefined -Wl --gc-sections -Wl -z relro -Wl -z now  -v CMakeFiles/cmTC_709f7.dir/CMakeCCompilerABI.c.o  -o cmTC_709f7   -L/home/yacine/qnx710/target/qnx7/aarch64le/usr/lib  -L/home/yacine/qnx710/target/qnx7/aarch64le/lib  -L/home/yacine/zero/install/lib  -L/home/yacine/zero/install/lib/cmake ]
  ignore line: [Using built-in specs.]
  ignore line: [COLLECT_GCC=/home/yacine/qnx710/host/linux/x86_64/usr/bin/aarch64-unknown-nto-qnx7.1.0-gcc]
  ignore line: [COLLECT_LTO_WRAPPER=/home/yacine/qnx710/host/linux/x86_64/usr/lib/gcc/aarch64-unknown-nto-qnx7.1.0/8.3.0/lto-wrapper]
  ignore line: [Target: aarch64-unknown-nto-qnx7.1.0]
  ignore line: [Configured with: ../configure --srcdir=.. --enable-gnu-indirect-function=yes --enable-cxx-flags=-stdlib=libstdc++ --enable-cheaders=c_global --enable-initfini-array --enable-default-pie --with-as=aarch64-unknown-nto-qnx7.1.0-as --with-ld=aarch64-unknown-nto-qnx7.1.0-ld --prefix=/opt/qnx710/host/linux/x86_64/usr --libexecdir=/opt/qnx710/host/linux/x86_64/usr/lib --with-gxx-include-dir=/opt/qnx710/target/qnx7/usr/include/c++/8.3.0 --enable-threads=posix --enable-__cxa_atexit --enable-languages=c++ --with-sysroot=/opt/qnx710/target/qnx7 --target=aarch64-unknown-nto-qnx7.1.0 --disable-nls --disable-tls --disable-libssp --disable-libstdcxx-pch --enable-libgomp --enable-shared --enable-multilib --with-bugurl=http://www.qnx.com --enable-default-ssp CC=x86_64-unknown-linux-gnu-gcc CFLAGS=-m64 LDFLAGS='-Wl,-s ' CXX=x86_64-unknown-linux-gnu-g++ CXXFLAGS=-m64 AUTOMAKE=: AUTOCONF=: AUTOHEADER=: AUTORECONF=: ACLOCAL=:]
  ignore line: [Thread model: posix]
  ignore line: [gcc version 8.3.0 20190222 (lookup) [qnx710 1535#57] (GCC) ]
  ignore line: [COMPILER_PATH=/home/yacine/qnx710/host/linux/x86_64/usr/bin/:/home/yacine/qnx710/host/linux/x86_64/usr/lib/gcc/aarch64-unknown-nto-qnx7.1.0/8.3.0/:/home/yacine/qnx710/host/linux/x86_64/usr/lib/gcc/aarch64-unknown-nto-qnx7.1.0/8.3.0/:/home/yacine/qnx710/host/linux/x86_64/usr/lib/gcc/aarch64-unknown-nto-qnx7.1.0/:/home/yacine/qnx710/host/linux/x86_64/usr/lib/gcc/aarch64-unknown-nto-qnx7.1.0/8.3.0/:/home/yacine/qnx710/host/linux/x86_64/usr/lib/gcc/aarch64-unknown-nto-qnx7.1.0/]
  ignore line: [LIBRARY_PATH=/home/yacine/qnx710/host/linux/x86_64/usr/lib/gcc/aarch64-unknown-nto-qnx7.1.0/8.3.0/pic/:/home/yacine/qnx710/host/linux/x86_64/usr/lib/gcc/aarch64-unknown-nto-qnx7.1.0/8.3.0/:/home/yacine/qnx710/target/qnx7/usr/lib/]
  ignore line: [COLLECT_GCC_OPTIONS='-std=gnu99' '-D' '_XOPEN_SOURCE=700' '-std=gnu99' '-fPIC' '-D' '_XOPEN_SOURCE=700' '-v' '-o' 'cmTC_709f7' '-L/home/yacine/qnx710/target/qnx7/aarch64le/usr/lib' '-L/home/yacine/qnx710/target/qnx7/aarch64le/lib' '-L/home/yacine/zero/install/lib' '-L/home/yacine/zero/install/lib/cmake' '-mlittle-endian' '-mabi=lp64']
  link line: [ /home/yacine/qnx710/host/linux/x86_64/usr/lib/gcc/aarch64-unknown-nto-qnx7.1.0/8.3.0/collect2 -plugin /home/yacine/qnx710/host/linux/x86_64/usr/lib/gcc/aarch64-unknown-nto-qnx7.1.0/8.3.0/liblto_plugin.so -plugin-opt=/home/yacine/qnx710/host/linux/x86_64/usr/lib/gcc/aarch64-unknown-nto-qnx7.1.0/8.3.0/lto-wrapper -plugin-opt=-fresolution=/tmp/ccHaWtGD.res -plugin-opt=-pass-through=-lgcc -plugin-opt=-pass-through=-lgcc_s -plugin-opt=-pass-through=-lc -plugin-opt=-pass-through=-lcS -plugin-opt=-pass-through=-lgcc -plugin-opt=-pass-through=-lgcc_s --sysroot=/home/yacine/qnx710/target/qnx7 --eh-frame-hdr -V --build-id=md5 --warn-shared-textrel -zrelro -znow --dynamic-linker /usr/lib/ldqnx-64.so.2 -X -EL -pie -o cmTC_709f7 /home/yacine/qnx710/target/qnx7/aarch64le/lib/crt1.o /home/yacine/qnx710/target/qnx7/aarch64le/lib/crti.o /home/yacine/qnx710/host/linux/x86_64/usr/lib/gcc/aarch64-unknown-nto-qnx7.1.0/8.3.0/pic/crtbegin.o -L/home/yacine/qnx710/target/qnx7/aarch64le/usr/lib -L/home/yacine/qnx710/target/qnx7/aarch64le/lib -L/home/yacine/zero/install/lib -L/home/yacine/zero/install/lib/cmake -L/home/yacine/qnx710/host/linux/x86_64/usr/lib/gcc/aarch64-unknown-nto-qnx7.1.0/8.3.0/pic -L/home/yacine/qnx710/host/linux/x86_64/usr/lib/gcc/aarch64-unknown-nto-qnx7.1.0/8.3.0 -L/home/yacine/qnx710/target/qnx7/usr/lib -L /home/yacine/qnx710/target/qnx7/aarch64le/lib/gcc/8.3.0 -L /home/yacine/qnx710/target/qnx7/aarch64le/lib -L /home/yacine/qnx710/target/qnx7/aarch64le/usr/lib -L /home/yacine/qnx710/target/qnx7/aarch64le/opt/lib -rpath-link /home/yacine/qnx710/target/qnx7/aarch64le/lib/gcc/8.3.0:/home/yacine/qnx710/target/qnx7/aarch64le/lib:/home/yacine/qnx710/target/qnx7/aarch64le/usr/lib:/home/yacine/qnx710/target/qnx7/aarch64le/opt/lib -lsocket -lsocket --no-undefined --gc-sections -z relro -z now --no-undefined --gc-sections -z relro -z now CMakeFiles/cmTC_709f7.dir/CMakeCCompilerABI.c.o -lgcc --as-needed -lgcc_s --no-as-needed -lc -lcS -lgcc --as-needed -lgcc_s --no-as-needed /home/yacine/qnx710/host/linux/x86_64/usr/lib/gcc/aarch64-unknown-nto-qnx7.1.0/8.3.0/pic/crtend.o /home/yacine/qnx710/target/qnx7/aarch64le/lib/crtn.o]
    arg [/home/yacine/qnx710/host/linux/x86_64/usr/lib/gcc/aarch64-unknown-nto-qnx7.1.0/8.3.0/collect2] ==> ignore
    arg [-plugin] ==> ignore
    arg [/home/yacine/qnx710/host/linux/x86_64/usr/lib/gcc/aarch64-unknown-nto-qnx7.1.0/8.3.0/liblto_plugin.so] ==> ignore
    arg [-plugin-opt=/home/yacine/qnx710/host/linux/x86_64/usr/lib/gcc/aarch64-unknown-nto-qnx7.1.0/8.3.0/lto-wrapper] ==> ignore
    arg [-plugin-opt=-fresolution=/tmp/ccHaWtGD.res] ==> ignore
    arg [-plugin-opt=-pass-through=-lgcc] ==> ignore
    arg [-plugin-opt=-pass-through=-lgcc_s] ==> ignore
    arg [-plugin-opt=-pass-through=-lc] ==> ignore
    arg [-plugin-opt=-pass-through=-lcS] ==> ignore
    arg [-plugin-opt=-pass-through=-lgcc] ==> ignore
    arg [-plugin-opt=-pass-through=-lgcc_s] ==> ignore
    arg [--sysroot=/home/yacine/qnx710/target/qnx7] ==> ignore
    arg [--eh-frame-hdr] ==> ignore
    arg [-V] ==> ignore
    arg [--build-id=md5] ==> ignore
    arg [--warn-shared-textrel] ==> ignore
    arg [-zrelro] ==> ignore
    arg [-znow] ==> ignore
    arg [--dynamic-linker] ==> ignore
    arg [/usr/lib/ldqnx-64.so.2] ==> ignore
    arg [-X] ==> ignore
    arg [-EL] ==> ignore
    arg [-pie] ==> ignore
    arg [-o] ==> ignore
    arg [cmTC_709f7] ==> ignore
    arg [/home/yacine/qnx710/target/qnx7/aarch64le/lib/crt1.o] ==> ignore
    arg [/home/yacine/qnx710/target/qnx7/aarch64le/lib/crti.o] ==> ignore
    arg [/home/yacine/qnx710/host/linux/x86_64/usr/lib/gcc/aarch64-unknown-nto-qnx7.1.0/8.3.0/pic/crtbegin.o] ==> ignore
    arg [-L/home/yacine/qnx710/target/qnx7/aarch64le/usr/lib] ==> dir [/home/yacine/qnx710/target/qnx7/aarch64le/usr/lib]
    arg [-L/home/yacine/qnx710/target/qnx7/aarch64le/lib] ==> dir [/home/yacine/qnx710/target/qnx7/aarch64le/lib]
    arg [-L/home/yacine/zero/install/lib] ==> dir [/home/yacine/zero/install/lib]
    arg [-L/home/yacine/zero/install/lib/cmake] ==> dir [/home/yacine/zero/install/lib/cmake]
    arg [-L/home/yacine/qnx710/host/linux/x86_64/usr/lib/gcc/aarch64-unknown-nto-qnx7.1.0/8.3.0/pic] ==> dir [/home/yacine/qnx710/host/linux/x86_64/usr/lib/gcc/aarch64-unknown-nto-qnx7.1.0/8.3.0/pic]
    arg [-L/home/yacine/qnx710/host/linux/x86_64/usr/lib/gcc/aarch64-unknown-nto-qnx7.1.0/8.3.0] ==> dir [/home/yacine/qnx710/host/linux/x86_64/usr/lib/gcc/aarch64-unknown-nto-qnx7.1.0/8.3.0]
    arg [-L/home/yacine/qnx710/target/qnx7/usr/lib] ==> dir [/home/yacine/qnx710/target/qnx7/usr/lib]
    arg [-L/home/yacine/qnx710/target/qnx7/aarch64le/lib/gcc/8.3.0] ==> dir [/home/yacine/qnx710/target/qnx7/aarch64le/lib/gcc/8.3.0]
    arg [-L/home/yacine/qnx710/target/qnx7/aarch64le/lib] ==> dir [/home/yacine/qnx710/target/qnx7/aarch64le/lib]
    arg [-L/home/yacine/qnx710/target/qnx7/aarch64le/usr/lib] ==> dir [/home/yacine/qnx710/target/qnx7/aarch64le/usr/lib]
    arg [-L/home/yacine/qnx710/target/qnx7/aarch64le/opt/lib] ==> dir [/home/yacine/qnx710/target/qnx7/aarch64le/opt/lib]
    arg [-rpath-link] ==> ignore
    arg [/home/yacine/qnx710/target/qnx7/aarch64le/lib/gcc/8.3.0:/home/yacine/qnx710/target/qnx7/aarch64le/lib:/home/yacine/qnx710/target/qnx7/aarch64le/usr/lib:/home/yacine/qnx710/target/qnx7/aarch64le/opt/lib] ==> ignore
    arg [-lsocket] ==> lib [socket]
    arg [-lsocket] ==> lib [socket]
    arg [--no-undefined] ==> ignore
    arg [--gc-sections] ==> ignore
    arg [-zrelro] ==> ignore
    arg [-znow] ==> ignore
    arg [--no-undefined] ==> ignore
    arg [--gc-sections] ==> ignore
    arg [-zrelro] ==> ignore
    arg [-znow] ==> ignore
    arg [CMakeFiles/cmTC_709f7.dir/CMakeCCompilerABI.c.o] ==> ignore
    arg [-lgcc] ==> lib [gcc]
    arg [--as-needed] ==> ignore
    arg [-lgcc_s] ==> lib [gcc_s]
    arg [--no-as-needed] ==> ignore
    arg [-lc] ==> lib [c]
    arg [-lcS] ==> lib [cS]
    arg [-lgcc] ==> lib [gcc]
    arg [--as-needed] ==> ignore
    arg [-lgcc_s] ==> lib [gcc_s]
    arg [--no-as-needed] ==> ignore
    arg [/home/yacine/qnx710/host/linux/x86_64/usr/lib/gcc/aarch64-unknown-nto-qnx7.1.0/8.3.0/pic/crtend.o] ==> ignore
    arg [/home/yacine/qnx710/target/qnx7/aarch64le/lib/crtn.o] ==> ignore
  collapse library dir [/home/yacine/qnx710/target/qnx7/aarch64le/usr/lib] ==> [/home/yacine/qnx710/target/qnx7/aarch64le/usr/lib]
  collapse library dir [/home/yacine/qnx710/target/qnx7/aarch64le/lib] ==> [/home/yacine/qnx710/target/qnx7/aarch64le/lib]
  collapse library dir [/home/yacine/zero/install/lib] ==> [/home/yacine/zero/install/lib]
  collapse library dir [/home/yacine/zero/install/lib/cmake] ==> [/home/yacine/zero/install/lib/cmake]
  collapse library dir [/home/yacine/qnx710/host/linux/x86_64/usr/lib/gcc/aarch64-unknown-nto-qnx7.1.0/8.3.0/pic] ==> [/home/yacine/qnx710/host/linux/x86_64/usr/lib/gcc/aarch64-unknown-nto-qnx7.1.0/8.3.0/pic]
  collapse library dir [/home/yacine/qnx710/host/linux/x86_64/usr/lib/gcc/aarch64-unknown-nto-qnx7.1.0/8.3.0] ==> [/home/yacine/qnx710/host/linux/x86_64/usr/lib/gcc/aarch64-unknown-nto-qnx7.1.0/8.3.0]
  collapse library dir [/home/yacine/qnx710/target/qnx7/usr/lib] ==> [/home/yacine/qnx710/target/qnx7/usr/lib]
  collapse library dir [/home/yacine/qnx710/target/qnx7/aarch64le/lib/gcc/8.3.0] ==> [/home/yacine/qnx710/target/qnx7/aarch64le/lib/gcc/8.3.0]
  collapse library dir [/home/yacine/qnx710/target/qnx7/aarch64le/lib] ==> [/home/yacine/qnx710/target/qnx7/aarch64le/lib]
  collapse library dir [/home/yacine/qnx710/target/qnx7/aarch64le/usr/lib] ==> [/home/yacine/qnx710/target/qnx7/aarch64le/usr/lib]
  collapse library dir [/home/yacine/qnx710/target/qnx7/aarch64le/opt/lib] ==> [/home/yacine/qnx710/target/qnx7/aarch64le/opt/lib]
  implicit libs: [socket;socket;gcc;gcc_s;c;cS;gcc;gcc_s]
  implicit dirs: [/home/yacine/qnx710/target/qnx7/aarch64le/usr/lib;/home/yacine/qnx710/target/qnx7/aarch64le/lib;/home/yacine/zero/install/lib;/home/yacine/zero/install/lib/cmake;/home/yacine/qnx710/host/linux/x86_64/usr/lib/gcc/aarch64-unknown-nto-qnx7.1.0/8.3.0/pic;/home/yacine/qnx710/host/linux/x86_64/usr/lib/gcc/aarch64-unknown-nto-qnx7.1.0/8.3.0;/home/yacine/qnx710/target/qnx7/usr/lib;/home/yacine/qnx710/target/qnx7/aarch64le/lib/gcc/8.3.0;/home/yacine/qnx710/target/qnx7/aarch64le/opt/lib]
  implicit fwks: []


Determining if the CXX compiler works passed with the following output:
Change Dir: /home/yacine/zero/depandancies/tinyxml2old/repo/build/CMakeFiles/CMakeTmp

Run Build Command(s):/home/yacine/qnx710/host/linux/x86_64/usr/bin/make cmTC_cbf68/fast && /home/yacine/qnx710/host/linux/x86_64/usr/bin/make -f CMakeFiles/cmTC_cbf68.dir/build.make CMakeFiles/cmTC_cbf68.dir/build
make[1]: Entering directory '/home/yacine/zero/depandancies/tinyxml2old/repo/build/CMakeFiles/CMakeTmp'
Building CXX object CMakeFiles/cmTC_cbf68.dir/testCXXCompiler.cxx.o
/home/yacine/qnx710/host/linux/x86_64/usr/bin/aarch64-unknown-nto-qnx7.1.0-g++ --sysroot=/home/yacine/qnx710/target/qnx7  -DBOOST_ERROR_CODE_HEADER_ONLY -DHAS_BOOST -D_FILE_OFFSET_BITS=64 -D_POSIX_C_SOURCE=200112L -D_QNX_SOURCE -D__AARCH64_QNX__ -I/home/yacine/zero/install/include -I/home/yacine/qnx710/target/qnx7/aarch64le/usr/include -I/home/yacine/qnx710/target/qnx7/usr/include -I/home/yacine/qnx710/target/qnx7/usr/include/aarch64 -I/home/yacine/qnx710/target/qnx7/usr/include/aarch64/usr/lib -I/home/yacine/qnx710/target/qnx7/usr/include/c++/v1 -I/home/yacine/zero/mpc/RocketSolver/include  --sysroot=/home/yacine/qnx710/target/qnx7 --sysroot=/home/yacine/qnx710/target/qnx7   --sysroot=/home/yacine/qnx710/target/qnx7    -lsocket -fexceptions -fPIC -D_XOPEN_SOURCE=700 -std=c++17 -lsocket -fexceptions -fPIC -D_XOPEN_SOURCE=700 -std=c++17    -o CMakeFiles/cmTC_cbf68.dir/testCXXCompiler.cxx.o -c /home/yacine/zero/depandancies/tinyxml2old/repo/build/CMakeFiles/CMakeTmp/testCXXCompiler.cxx
Linking CXX executable cmTC_cbf68
/usr/bin/cmake -E cmake_link_script CMakeFiles/cmTC_cbf68.dir/link.txt --verbose=1
/home/yacine/qnx710/host/linux/x86_64/usr/bin/aarch64-unknown-nto-qnx7.1.0-g++ --sysroot=/home/yacine/qnx710/target/qnx7  --sysroot=/home/yacine/qnx710/target/qnx7 --sysroot=/home/yacine/qnx710/target/qnx7   --sysroot=/home/yacine/qnx710/target/qnx7    -lsocket -fexceptions -fPIC -D_XOPEN_SOURCE=700 -std=c++17 -lsocket -fexceptions -fPIC -D_XOPEN_SOURCE=700 -std=c++17   -Wl,--no-undefined -Wl,--gc-sections -Wl,-z,relro -Wl,-z,now -Wl,--no-undefined -Wl,--gc-sections -Wl,-z,relro -Wl,-z,now   CMakeFiles/cmTC_cbf68.dir/testCXXCompiler.cxx.o  -o cmTC_cbf68   -L/home/yacine/qnx710/target/qnx7/aarch64le/usr/lib  -L/home/yacine/qnx710/target/qnx7/aarch64le/lib  -L/home/yacine/zero/install/lib  -L/home/yacine/zero/install/lib/cmake 
make[1]: Leaving directory '/home/yacine/zero/depandancies/tinyxml2old/repo/build/CMakeFiles/CMakeTmp'



Detecting CXX compiler ABI info compiled with the following output:
Change Dir: /home/yacine/zero/depandancies/tinyxml2old/repo/build/CMakeFiles/CMakeTmp

Run Build Command(s):/home/yacine/qnx710/host/linux/x86_64/usr/bin/make cmTC_2603d/fast && /home/yacine/qnx710/host/linux/x86_64/usr/bin/make -f CMakeFiles/cmTC_2603d.dir/build.make CMakeFiles/cmTC_2603d.dir/build
make[1]: Entering directory '/home/yacine/zero/depandancies/tinyxml2old/repo/build/CMakeFiles/CMakeTmp'
Building CXX object CMakeFiles/cmTC_2603d.dir/CMakeCXXCompilerABI.cpp.o
/home/yacine/qnx710/host/linux/x86_64/usr/bin/aarch64-unknown-nto-qnx7.1.0-g++ --sysroot=/home/yacine/qnx710/target/qnx7  -DBOOST_ERROR_CODE_HEADER_ONLY -DHAS_BOOST -D_FILE_OFFSET_BITS=64 -D_POSIX_C_SOURCE=200112L -D_QNX_SOURCE -D__AARCH64_QNX__  --sysroot=/home/yacine/qnx710/target/qnx7 --sysroot=/home/yacine/qnx710/target/qnx7   --sysroot=/home/yacine/qnx710/target/qnx7    -lsocket -fexceptions -fPIC -D_XOPEN_SOURCE=700 -std=c++17 -lsocket -fexceptions -fPIC -D_XOPEN_SOURCE=700 -std=c++17    -v -o CMakeFiles/cmTC_2603d.dir/CMakeCXXCompilerABI.cpp.o -c /usr/share/cmake-3.16/Modules/CMakeCXXCompilerABI.cpp
Using built-in specs.
COLLECT_GCC=/home/yacine/qnx710/host/linux/x86_64/usr/bin/aarch64-unknown-nto-qnx7.1.0-g++
Target: aarch64-unknown-nto-qnx7.1.0
Configured with: ../configure --srcdir=.. --enable-gnu-indirect-function=yes --enable-cxx-flags=-stdlib=libstdc++ --enable-cheaders=c_global --enable-initfini-array --enable-default-pie --with-as=aarch64-unknown-nto-qnx7.1.0-as --with-ld=aarch64-unknown-nto-qnx7.1.0-ld --prefix=/opt/qnx710/host/linux/x86_64/usr --libexecdir=/opt/qnx710/host/linux/x86_64/usr/lib --with-gxx-include-dir=/opt/qnx710/target/qnx7/usr/include/c++/8.3.0 --enable-threads=posix --enable-__cxa_atexit --enable-languages=c++ --with-sysroot=/opt/qnx710/target/qnx7 --target=aarch64-unknown-nto-qnx7.1.0 --disable-nls --disable-tls --disable-libssp --disable-libstdcxx-pch --enable-libgomp --enable-shared --enable-multilib --with-bugurl=http://www.qnx.com --enable-default-ssp CC=x86_64-unknown-linux-gnu-gcc CFLAGS=-m64 LDFLAGS='-Wl,-s ' CXX=x86_64-unknown-linux-gnu-g++ CXXFLAGS=-m64 AUTOMAKE=: AUTOCONF=: AUTOHEADER=: AUTORECONF=: ACLOCAL=:
Thread model: posix
gcc version 8.3.0 20190222 (lookup) [qnx710 1535#57] (GCC) 
COLLECT_GCC_OPTIONS='-D' 'BOOST_ERROR_CODE_HEADER_ONLY' '-D' 'HAS_BOOST' '-D' '_FILE_OFFSET_BITS=64' '-D' '_POSIX_C_SOURCE=200112L' '-D' '_QNX_SOURCE' '-D' '__AARCH64_QNX__' '-D' '_XOPEN_SOURCE=700' '-std=c++17' '-fexceptions' '-fPIC' '-D' '_XOPEN_SOURCE=700' '-std=c++17' '-v' '-o' 'CMakeFiles/cmTC_2603d.dir/CMakeCXXCompilerABI.cpp.o' '-c' '-shared-libgcc' '-mlittle-endian' '-mabi=lp64'
 /home/yacine/qnx710/host/linux/x86_64/usr/lib/gcc/aarch64-unknown-nto-qnx7.1.0/8.3.0/cc1plus -quiet -v -imultilib pic -isysroot /home/yacine/qnx710/target/qnx7 -isystem /home/yacine/qnx710/host/linux/x86_64/usr/lib/gcc/aarch64-unknown-nto-qnx7.1.0/8.3.0/include -isysroot /home/yacine/qnx710/target/qnx7/ -D__LITTLEENDIAN__ -D__AARCH64EL__ -isystem /home/yacine/qnx710/target/qnx7/usr/include/c++/v1 -D BOOST_ERROR_CODE_HEADER_ONLY -D HAS_BOOST -D _FILE_OFFSET_BITS=64 -D _POSIX_C_SOURCE=200112L -D _QNX_SOURCE -D __AARCH64_QNX__ -D _XOPEN_SOURCE=700 -D _XOPEN_SOURCE=700 /usr/share/cmake-3.16/Modules/CMakeCXXCompilerABI.cpp -mlittle-endian -quiet -dumpbase CMakeCXXCompilerABI.cpp -mlittle-endian -mabi=lp64 -auxbase-strip CMakeFiles/cmTC_2603d.dir/CMakeCXXCompilerABI.cpp.o -std=c++17 -std=c++17 -version -fexceptions -fPIC -o /tmp/ccsi2TK7.s
GNU C++17 (GCC) version 8.3.0 20190222 (lookup) [qnx710 1535#57] (aarch64-unknown-nto-qnx7.1.0)
	compiled by GNU C version 8.3.0, GMP version 6.1.2, MPFR version 4.0.1, MPC version 1.1.0, isl version none
GGC heuristics: --param ggc-min-expand=100 --param ggc-min-heapsize=131072
ignoring nonexistent directory "/opt/qnx710/host/linux/x86_64/usr/lib/gcc/aarch64-unknown-nto-qnx7.1.0/8.3.0/include"
ignoring nonexistent directory "/home/yacine/qnx710/target/qnx7/usr/local/include"
ignoring nonexistent directory "/opt/qnx710/host/linux/x86_64/usr/lib/gcc/aarch64-unknown-nto-qnx7.1.0/8.3.0/include-fixed"
ignoring nonexistent directory "/opt/qnx710/host/linux/x86_64/usr/aarch64-unknown-nto-qnx7.1.0/include"
#include "..." search starts here:
#include <...> search starts here:
 /home/yacine/qnx710/host/linux/x86_64/usr/lib/gcc/aarch64-unknown-nto-qnx7.1.0/8.3.0/include
 /home/yacine/qnx710/target/qnx7/usr/include/c++/v1
 /home/yacine/qnx710/target/qnx7/usr/include
End of search list.
GNU C++17 (GCC) version 8.3.0 20190222 (lookup) [qnx710 1535#57] (aarch64-unknown-nto-qnx7.1.0)
	compiled by GNU C version 8.3.0, GMP version 6.1.2, MPFR version 4.0.1, MPC version 1.1.0, isl version none
GGC heuristics: --param ggc-min-expand=100 --param ggc-min-heapsize=131072
Compiler executable checksum: 4fc274586a5914b56cd633148fb4fc35
COLLECT_GCC_OPTIONS='-D' 'BOOST_ERROR_CODE_HEADER_ONLY' '-D' 'HAS_BOOST' '-D' '_FILE_OFFSET_BITS=64' '-D' '_POSIX_C_SOURCE=200112L' '-D' '_QNX_SOURCE' '-D' '__AARCH64_QNX__' '-D' '_XOPEN_SOURCE=700' '-std=c++17' '-fexceptions' '-fPIC' '-D' '_XOPEN_SOURCE=700' '-std=c++17' '-v' '-o' 'CMakeFiles/cmTC_2603d.dir/CMakeCXXCompilerABI.cpp.o' '-c' '-shared-libgcc' '-mlittle-endian' '-mabi=lp64'
 /home/yacine/qnx710/host/linux/x86_64/usr/bin/aarch64-unknown-nto-qnx7.1.0-as -v -EL -mabi=lp64 -o CMakeFiles/cmTC_2603d.dir/CMakeCXXCompilerABI.cpp.o /tmp/ccsi2TK7.s
GNU assembler version 2.32.0 (aarch64-unknown-nto-qnx7.1.0) using BFD version (GNU Binutils) 2.32.0.20190627 [Release qnx710 r1541]
COMPILER_PATH=/home/yacine/qnx710/host/linux/x86_64/usr/bin/:/home/yacine/qnx710/host/linux/x86_64/usr/lib/gcc/aarch64-unknown-nto-qnx7.1.0/8.3.0/:/home/yacine/qnx710/host/linux/x86_64/usr/lib/gcc/aarch64-unknown-nto-qnx7.1.0/8.3.0/:/home/yacine/qnx710/host/linux/x86_64/usr/lib/gcc/aarch64-unknown-nto-qnx7.1.0/:/home/yacine/qnx710/host/linux/x86_64/usr/lib/gcc/aarch64-unknown-nto-qnx7.1.0/8.3.0/:/home/yacine/qnx710/host/linux/x86_64/usr/lib/gcc/aarch64-unknown-nto-qnx7.1.0/
LIBRARY_PATH=/home/yacine/qnx710/host/linux/x86_64/usr/lib/gcc/aarch64-unknown-nto-qnx7.1.0/8.3.0/pic/:/home/yacine/qnx710/host/linux/x86_64/usr/lib/gcc/aarch64-unknown-nto-qnx7.1.0/8.3.0/:/home/yacine/qnx710/target/qnx7/usr/lib/
COLLECT_GCC_OPTIONS='-D' 'BOOST_ERROR_CODE_HEADER_ONLY' '-D' 'HAS_BOOST' '-D' '_FILE_OFFSET_BITS=64' '-D' '_POSIX_C_SOURCE=200112L' '-D' '_QNX_SOURCE' '-D' '__AARCH64_QNX__' '-D' '_XOPEN_SOURCE=700' '-std=c++17' '-fexceptions' '-fPIC' '-D' '_XOPEN_SOURCE=700' '-std=c++17' '-v' '-o' 'CMakeFiles/cmTC_2603d.dir/CMakeCXXCompilerABI.cpp.o' '-c' '-shared-libgcc' '-mlittle-endian' '-mabi=lp64'
Linking CXX executable cmTC_2603d
/usr/bin/cmake -E cmake_link_script CMakeFiles/cmTC_2603d.dir/link.txt --verbose=1
/home/yacine/qnx710/host/linux/x86_64/usr/bin/aarch64-unknown-nto-qnx7.1.0-g++ --sysroot=/home/yacine/qnx710/target/qnx7  --sysroot=/home/yacine/qnx710/target/qnx7 --sysroot=/home/yacine/qnx710/target/qnx7   --sysroot=/home/yacine/qnx710/target/qnx7    -lsocket -fexceptions -fPIC -D_XOPEN_SOURCE=700 -std=c++17 -lsocket -fexceptions -fPIC -D_XOPEN_SOURCE=700 -std=c++17   -Wl,--no-undefined -Wl,--gc-sections -Wl,-z,relro -Wl,-z,now -Wl,--no-undefined -Wl,--gc-sections -Wl,-z,relro -Wl,-z,now  -v CMakeFiles/cmTC_2603d.dir/CMakeCXXCompilerABI.cpp.o  -o cmTC_2603d   -L/home/yacine/qnx710/target/qnx7/aarch64le/usr/lib  -L/home/yacine/qnx710/target/qnx7/aarch64le/lib  -L/home/yacine/zero/install/lib  -L/home/yacine/zero/install/lib/cmake 
Using built-in specs.
COLLECT_GCC=/home/yacine/qnx710/host/linux/x86_64/usr/bin/aarch64-unknown-nto-qnx7.1.0-g++
COLLECT_LTO_WRAPPER=/home/yacine/qnx710/host/linux/x86_64/usr/lib/gcc/aarch64-unknown-nto-qnx7.1.0/8.3.0/lto-wrapper
Target: aarch64-unknown-nto-qnx7.1.0
Configured with: ../configure --srcdir=.. --enable-gnu-indirect-function=yes --enable-cxx-flags=-stdlib=libstdc++ --enable-cheaders=c_global --enable-initfini-array --enable-default-pie --with-as=aarch64-unknown-nto-qnx7.1.0-as --with-ld=aarch64-unknown-nto-qnx7.1.0-ld --prefix=/opt/qnx710/host/linux/x86_64/usr --libexecdir=/opt/qnx710/host/linux/x86_64/usr/lib --with-gxx-include-dir=/opt/qnx710/target/qnx7/usr/include/c++/8.3.0 --enable-threads=posix --enable-__cxa_atexit --enable-languages=c++ --with-sysroot=/opt/qnx710/target/qnx7 --target=aarch64-unknown-nto-qnx7.1.0 --disable-nls --disable-tls --disable-libssp --disable-libstdcxx-pch --enable-libgomp --enable-shared --enable-multilib --with-bugurl=http://www.qnx.com --enable-default-ssp CC=x86_64-unknown-linux-gnu-gcc CFLAGS=-m64 LDFLAGS='-Wl,-s ' CXX=x86_64-unknown-linux-gnu-g++ CXXFLAGS=-m64 AUTOMAKE=: AUTOCONF=: AUTOHEADER=: AUTORECONF=: ACLOCAL=:
Thread model: posix
gcc version 8.3.0 20190222 (lookup) [qnx710 1535#57] (GCC) 
COMPILER_PATH=/home/yacine/qnx710/host/linux/x86_64/usr/bin/:/home/yacine/qnx710/host/linux/x86_64/usr/lib/gcc/aarch64-unknown-nto-qnx7.1.0/8.3.0/:/home/yacine/qnx710/host/linux/x86_64/usr/lib/gcc/aarch64-unknown-nto-qnx7.1.0/8.3.0/:/home/yacine/qnx710/host/linux/x86_64/usr/lib/gcc/aarch64-unknown-nto-qnx7.1.0/:/home/yacine/qnx710/host/linux/x86_64/usr/lib/gcc/aarch64-unknown-nto-qnx7.1.0/8.3.0/:/home/yacine/qnx710/host/linux/x86_64/usr/lib/gcc/aarch64-unknown-nto-qnx7.1.0/
LIBRARY_PATH=/home/yacine/qnx710/host/linux/x86_64/usr/lib/gcc/aarch64-unknown-nto-qnx7.1.0/8.3.0/pic/:/home/yacine/qnx710/host/linux/x86_64/usr/lib/gcc/aarch64-unknown-nto-qnx7.1.0/8.3.0/:/home/yacine/qnx710/target/qnx7/usr/lib/
COLLECT_GCC_OPTIONS='-D' '_XOPEN_SOURCE=700' '-std=c++17' '-fexceptions' '-fPIC' '-D' '_XOPEN_SOURCE=700' '-std=c++17' '-v' '-o' 'cmTC_2603d' '-L/home/yacine/qnx710/target/qnx7/aarch64le/usr/lib' '-L/home/yacine/qnx710/target/qnx7/aarch64le/lib' '-L/home/yacine/zero/install/lib' '-L/home/yacine/zero/install/lib/cmake' '-shared-libgcc' '-mlittle-endian' '-mabi=lp64'
 /home/yacine/qnx710/host/linux/x86_64/usr/lib/gcc/aarch64-unknown-nto-qnx7.1.0/8.3.0/collect2 -plugin /home/yacine/qnx710/host/linux/x86_64/usr/lib/gcc/aarch64-unknown-nto-qnx7.1.0/8.3.0/liblto_plugin.so -plugin-opt=/home/yacine/qnx710/host/linux/x86_64/usr/lib/gcc/aarch64-unknown-nto-qnx7.1.0/8.3.0/lto-wrapper -plugin-opt=-fresolution=/tmp/ccMg2x8z.res -plugin-opt=-pass-through=-lgcc_s -plugin-opt=-pass-through=-lgcc -plugin-opt=-pass-through=-lc -plugin-opt=-pass-through=-lcS -plugin-opt=-pass-through=-lgcc_s -plugin-opt=-pass-through=-lgcc --sysroot=/home/yacine/qnx710/target/qnx7 --eh-frame-hdr -V --build-id=md5 --warn-shared-textrel -zrelro -znow --dynamic-linker /usr/lib/ldqnx-64.so.2 -X -EL -pie -o cmTC_2603d /home/yacine/qnx710/target/qnx7/aarch64le/lib/crt1.o /home/yacine/qnx710/target/qnx7/aarch64le/lib/crti.o /home/yacine/qnx710/host/linux/x86_64/usr/lib/gcc/aarch64-unknown-nto-qnx7.1.0/8.3.0/pic/crtbegin.o -L/home/yacine/qnx710/target/qnx7/aarch64le/usr/lib -L/home/yacine/qnx710/target/qnx7/aarch64le/lib -L/home/yacine/zero/install/lib -L/home/yacine/zero/install/lib/cmake -L/home/yacine/qnx710/host/linux/x86_64/usr/lib/gcc/aarch64-unknown-nto-qnx7.1.0/8.3.0/pic -L/home/yacine/qnx710/host/linux/x86_64/usr/lib/gcc/aarch64-unknown-nto-qnx7.1.0/8.3.0 -L/home/yacine/qnx710/target/qnx7/usr/lib -L /home/yacine/qnx710/target/qnx7/aarch64le/lib/gcc/8.3.0 -L /home/yacine/qnx710/target/qnx7/aarch64le/lib -L /home/yacine/qnx710/target/qnx7/aarch64le/usr/lib -L /home/yacine/qnx710/target/qnx7/aarch64le/opt/lib -rpath-link /home/yacine/qnx710/target/qnx7/aarch64le/lib/gcc/8.3.0:/home/yacine/qnx710/target/qnx7/aarch64le/lib:/home/yacine/qnx710/target/qnx7/aarch64le/usr/lib:/home/yacine/qnx710/target/qnx7/aarch64le/opt/lib -lsocket -lsocket --no-undefined --gc-sections -z relro -z now --no-undefined --gc-sections -z relro -z now CMakeFiles/cmTC_2603d.dir/CMakeCXXCompilerABI.cpp.o -lc++ -lm -lgcc_s -lgcc -lc -lcS -lgcc_s -lgcc /home/yacine/qnx710/host/linux/x86_64/usr/lib/gcc/aarch64-unknown-nto-qnx7.1.0/8.3.0/pic/crtend.o /home/yacine/qnx710/target/qnx7/aarch64le/lib/crtn.o
GNU ld (GNU Binutils) 2.32.0.20190627 [Release qnx710 r1541]
  Supported emulations:
   aarch64nto
   aarch64elf
   aarch64elf32
   aarch64elf32b
   aarch64elfb
   armelf
   armelfb
COLLECT_GCC_OPTIONS='-D' '_XOPEN_SOURCE=700' '-std=c++17' '-fexceptions' '-fPIC' '-D' '_XOPEN_SOURCE=700' '-std=c++17' '-v' '-o' 'cmTC_2603d' '-L/home/yacine/qnx710/target/qnx7/aarch64le/usr/lib' '-L/home/yacine/qnx710/target/qnx7/aarch64le/lib' '-L/home/yacine/zero/install/lib' '-L/home/yacine/zero/install/lib/cmake' '-shared-libgcc' '-mlittle-endian' '-mabi=lp64'
make[1]: Leaving directory '/home/yacine/zero/depandancies/tinyxml2old/repo/build/CMakeFiles/CMakeTmp'



Parsed CXX implicit include dir info from above output: rv=done
  found start of include info
  found start of implicit include info
    add: [/home/yacine/qnx710/host/linux/x86_64/usr/lib/gcc/aarch64-unknown-nto-qnx7.1.0/8.3.0/include]
    add: [/home/yacine/qnx710/target/qnx7/usr/include/c++/v1]
    add: [/home/yacine/qnx710/target/qnx7/usr/include]
  end of search list found
  collapse include dir [/home/yacine/qnx710/host/linux/x86_64/usr/lib/gcc/aarch64-unknown-nto-qnx7.1.0/8.3.0/include] ==> [/home/yacine/qnx710/host/linux/x86_64/usr/lib/gcc/aarch64-unknown-nto-qnx7.1.0/8.3.0/include]
  collapse include dir [/home/yacine/qnx710/target/qnx7/usr/include/c++/v1] ==> [/home/yacine/qnx710/target/qnx7/usr/include/c++/v1]
  collapse include dir [/home/yacine/qnx710/target/qnx7/usr/include] ==> [/home/yacine/qnx710/target/qnx7/usr/include]
  implicit include dirs: [/home/yacine/qnx710/host/linux/x86_64/usr/lib/gcc/aarch64-unknown-nto-qnx7.1.0/8.3.0/include;/home/yacine/qnx710/target/qnx7/usr/include/c++/v1;/home/yacine/qnx710/target/qnx7/usr/include]


Parsed CXX implicit link information from above output:
  link line regex: [^( *|.*[/\])(aarch64-unknown-nto-qnx7\.1\.0-ld|CMAKE_LINK_STARTFILE-NOTFOUND|([^/\]+-)?ld|collect2)[^/\]*( |$)]
  ignore line: [Change Dir: /home/yacine/zero/depandancies/tinyxml2old/repo/build/CMakeFiles/CMakeTmp]
  ignore line: []
  ignore line: [Run Build Command(s):/home/yacine/qnx710/host/linux/x86_64/usr/bin/make cmTC_2603d/fast && /home/yacine/qnx710/host/linux/x86_64/usr/bin/make -f CMakeFiles/cmTC_2603d.dir/build.make CMakeFiles/cmTC_2603d.dir/build]
  ignore line: [make[1]: Entering directory '/home/yacine/zero/depandancies/tinyxml2old/repo/build/CMakeFiles/CMakeTmp']
  ignore line: [Building CXX object CMakeFiles/cmTC_2603d.dir/CMakeCXXCompilerABI.cpp.o]
  ignore line: [/home/yacine/qnx710/host/linux/x86_64/usr/bin/aarch64-unknown-nto-qnx7.1.0-g++ --sysroot=/home/yacine/qnx710/target/qnx7  -DBOOST_ERROR_CODE_HEADER_ONLY -DHAS_BOOST -D_FILE_OFFSET_BITS=64 -D_POSIX_C_SOURCE=200112L -D_QNX_SOURCE -D__AARCH64_QNX__  --sysroot=/home/yacine/qnx710/target/qnx7 --sysroot=/home/yacine/qnx710/target/qnx7   --sysroot=/home/yacine/qnx710/target/qnx7    -lsocket -fexceptions -fPIC -D_XOPEN_SOURCE=700 -std=c++17 -lsocket -fexceptions -fPIC -D_XOPEN_SOURCE=700 -std=c++17    -v -o CMakeFiles/cmTC_2603d.dir/CMakeCXXCompilerABI.cpp.o -c /usr/share/cmake-3.16/Modules/CMakeCXXCompilerABI.cpp]
  ignore line: [Using built-in specs.]
  ignore line: [COLLECT_GCC=/home/yacine/qnx710/host/linux/x86_64/usr/bin/aarch64-unknown-nto-qnx7.1.0-g++]
  ignore line: [Target: aarch64-unknown-nto-qnx7.1.0]
  ignore line: [Configured with: ../configure --srcdir=.. --enable-gnu-indirect-function=yes --enable-cxx-flags=-stdlib=libstdc++ --enable-cheaders=c_global --enable-initfini-array --enable-default-pie --with-as=aarch64-unknown-nto-qnx7.1.0-as --with-ld=aarch64-unknown-nto-qnx7.1.0-ld --prefix=/opt/qnx710/host/linux/x86_64/usr --libexecdir=/opt/qnx710/host/linux/x86_64/usr/lib --with-gxx-include-dir=/opt/qnx710/target/qnx7/usr/include/c++/8.3.0 --enable-threads=posix --enable-__cxa_atexit --enable-languages=c++ --with-sysroot=/opt/qnx710/target/qnx7 --target=aarch64-unknown-nto-qnx7.1.0 --disable-nls --disable-tls --disable-libssp --disable-libstdcxx-pch --enable-libgomp --enable-shared --enable-multilib --with-bugurl=http://www.qnx.com --enable-default-ssp CC=x86_64-unknown-linux-gnu-gcc CFLAGS=-m64 LDFLAGS='-Wl,-s ' CXX=x86_64-unknown-linux-gnu-g++ CXXFLAGS=-m64 AUTOMAKE=: AUTOCONF=: AUTOHEADER=: AUTORECONF=: ACLOCAL=:]
  ignore line: [Thread model: posix]
  ignore line: [gcc version 8.3.0 20190222 (lookup) [qnx710 1535#57] (GCC) ]
  ignore line: [COLLECT_GCC_OPTIONS='-D' 'BOOST_ERROR_CODE_HEADER_ONLY' '-D' 'HAS_BOOST' '-D' '_FILE_OFFSET_BITS=64' '-D' '_POSIX_C_SOURCE=200112L' '-D' '_QNX_SOURCE' '-D' '__AARCH64_QNX__' '-D' '_XOPEN_SOURCE=700' '-std=c++17' '-fexceptions' '-fPIC' '-D' '_XOPEN_SOURCE=700' '-std=c++17' '-v' '-o' 'CMakeFiles/cmTC_2603d.dir/CMakeCXXCompilerABI.cpp.o' '-c' '-shared-libgcc' '-mlittle-endian' '-mabi=lp64']
  ignore line: [ /home/yacine/qnx710/host/linux/x86_64/usr/lib/gcc/aarch64-unknown-nto-qnx7.1.0/8.3.0/cc1plus -quiet -v -imultilib pic -isysroot /home/yacine/qnx710/target/qnx7 -isystem /home/yacine/qnx710/host/linux/x86_64/usr/lib/gcc/aarch64-unknown-nto-qnx7.1.0/8.3.0/include -isysroot /home/yacine/qnx710/target/qnx7/ -D__LITTLEENDIAN__ -D__AARCH64EL__ -isystem /home/yacine/qnx710/target/qnx7/usr/include/c++/v1 -D BOOST_ERROR_CODE_HEADER_ONLY -D HAS_BOOST -D _FILE_OFFSET_BITS=64 -D _POSIX_C_SOURCE=200112L -D _QNX_SOURCE -D __AARCH64_QNX__ -D _XOPEN_SOURCE=700 -D _XOPEN_SOURCE=700 /usr/share/cmake-3.16/Modules/CMakeCXXCompilerABI.cpp -mlittle-endian -quiet -dumpbase CMakeCXXCompilerABI.cpp -mlittle-endian -mabi=lp64 -auxbase-strip CMakeFiles/cmTC_2603d.dir/CMakeCXXCompilerABI.cpp.o -std=c++17 -std=c++17 -version -fexceptions -fPIC -o /tmp/ccsi2TK7.s]
  ignore line: [GNU C++17 (GCC) version 8.3.0 20190222 (lookup) [qnx710 1535#57] (aarch64-unknown-nto-qnx7.1.0)]
  ignore line: [	compiled by GNU C version 8.3.0  GMP version 6.1.2  MPFR version 4.0.1  MPC version 1.1.0  isl version none]
  ignore line: [GGC heuristics: --param ggc-min-expand=100 --param ggc-min-heapsize=131072]
  ignore line: [ignoring nonexistent directory "/opt/qnx710/host/linux/x86_64/usr/lib/gcc/aarch64-unknown-nto-qnx7.1.0/8.3.0/include"]
  ignore line: [ignoring nonexistent directory "/home/yacine/qnx710/target/qnx7/usr/local/include"]
  ignore line: [ignoring nonexistent directory "/opt/qnx710/host/linux/x86_64/usr/lib/gcc/aarch64-unknown-nto-qnx7.1.0/8.3.0/include-fixed"]
  ignore line: [ignoring nonexistent directory "/opt/qnx710/host/linux/x86_64/usr/aarch64-unknown-nto-qnx7.1.0/include"]
  ignore line: [#include "..." search starts here:]
  ignore line: [#include <...> search starts here:]
  ignore line: [ /home/yacine/qnx710/host/linux/x86_64/usr/lib/gcc/aarch64-unknown-nto-qnx7.1.0/8.3.0/include]
  ignore line: [ /home/yacine/qnx710/target/qnx7/usr/include/c++/v1]
  ignore line: [ /home/yacine/qnx710/target/qnx7/usr/include]
  ignore line: [End of search list.]
  ignore line: [GNU C++17 (GCC) version 8.3.0 20190222 (lookup) [qnx710 1535#57] (aarch64-unknown-nto-qnx7.1.0)]
  ignore line: [	compiled by GNU C version 8.3.0  GMP version 6.1.2  MPFR version 4.0.1  MPC version 1.1.0  isl version none]
  ignore line: [GGC heuristics: --param ggc-min-expand=100 --param ggc-min-heapsize=131072]
  ignore line: [Compiler executable checksum: 4fc274586a5914b56cd633148fb4fc35]
  ignore line: [COLLECT_GCC_OPTIONS='-D' 'BOOST_ERROR_CODE_HEADER_ONLY' '-D' 'HAS_BOOST' '-D' '_FILE_OFFSET_BITS=64' '-D' '_POSIX_C_SOURCE=200112L' '-D' '_QNX_SOURCE' '-D' '__AARCH64_QNX__' '-D' '_XOPEN_SOURCE=700' '-std=c++17' '-fexceptions' '-fPIC' '-D' '_XOPEN_SOURCE=700' '-std=c++17' '-v' '-o' 'CMakeFiles/cmTC_2603d.dir/CMakeCXXCompilerABI.cpp.o' '-c' '-shared-libgcc' '-mlittle-endian' '-mabi=lp64']
  ignore line: [ /home/yacine/qnx710/host/linux/x86_64/usr/bin/aarch64-unknown-nto-qnx7.1.0-as -v -EL -mabi=lp64 -o CMakeFiles/cmTC_2603d.dir/CMakeCXXCompilerABI.cpp.o /tmp/ccsi2TK7.s]
  ignore line: [GNU assembler version 2.32.0 (aarch64-unknown-nto-qnx7.1.0) using BFD version (GNU Binutils) 2.32.0.20190627 [Release qnx710 r1541]]
  ignore line: [COMPILER_PATH=/home/yacine/qnx710/host/linux/x86_64/usr/bin/:/home/yacine/qnx710/host/linux/x86_64/usr/lib/gcc/aarch64-unknown-nto-qnx7.1.0/8.3.0/:/home/yacine/qnx710/host/linux/x86_64/usr/lib/gcc/aarch64-unknown-nto-qnx7.1.0/8.3.0/:/home/yacine/qnx710/host/linux/x86_64/usr/lib/gcc/aarch64-unknown-nto-qnx7.1.0/:/home/yacine/qnx710/host/linux/x86_64/usr/lib/gcc/aarch64-unknown-nto-qnx7.1.0/8.3.0/:/home/yacine/qnx710/host/linux/x86_64/usr/lib/gcc/aarch64-unknown-nto-qnx7.1.0/]
  ignore line: [LIBRARY_PATH=/home/yacine/qnx710/host/linux/x86_64/usr/lib/gcc/aarch64-unknown-nto-qnx7.1.0/8.3.0/pic/:/home/yacine/qnx710/host/linux/x86_64/usr/lib/gcc/aarch64-unknown-nto-qnx7.1.0/8.3.0/:/home/yacine/qnx710/target/qnx7/usr/lib/]
  ignore line: [COLLECT_GCC_OPTIONS='-D' 'BOOST_ERROR_CODE_HEADER_ONLY' '-D' 'HAS_BOOST' '-D' '_FILE_OFFSET_BITS=64' '-D' '_POSIX_C_SOURCE=200112L' '-D' '_QNX_SOURCE' '-D' '__AARCH64_QNX__' '-D' '_XOPEN_SOURCE=700' '-std=c++17' '-fexceptions' '-fPIC' '-D' '_XOPEN_SOURCE=700' '-std=c++17' '-v' '-o' 'CMakeFiles/cmTC_2603d.dir/CMakeCXXCompilerABI.cpp.o' '-c' '-shared-libgcc' '-mlittle-endian' '-mabi=lp64']
  ignore line: [Linking CXX executable cmTC_2603d]
  ignore line: [/usr/bin/cmake -E cmake_link_script CMakeFiles/cmTC_2603d.dir/link.txt --verbose=1]
  ignore line: [/home/yacine/qnx710/host/linux/x86_64/usr/bin/aarch64-unknown-nto-qnx7.1.0-g++ --sysroot=/home/yacine/qnx710/target/qnx7  --sysroot=/home/yacine/qnx710/target/qnx7 --sysroot=/home/yacine/qnx710/target/qnx7   --sysroot=/home/yacine/qnx710/target/qnx7    -lsocket -fexceptions -fPIC -D_XOPEN_SOURCE=700 -std=c++17 -lsocket -fexceptions -fPIC -D_XOPEN_SOURCE=700 -std=c++17   -Wl --no-undefined -Wl --gc-sections -Wl -z relro -Wl -z now -Wl --no-undefined -Wl --gc-sections -Wl -z relro -Wl -z now  -v CMakeFiles/cmTC_2603d.dir/CMakeCXXCompilerABI.cpp.o  -o cmTC_2603d   -L/home/yacine/qnx710/target/qnx7/aarch64le/usr/lib  -L/home/yacine/qnx710/target/qnx7/aarch64le/lib  -L/home/yacine/zero/install/lib  -L/home/yacine/zero/install/lib/cmake ]
  ignore line: [Using built-in specs.]
  ignore line: [COLLECT_GCC=/home/yacine/qnx710/host/linux/x86_64/usr/bin/aarch64-unknown-nto-qnx7.1.0-g++]
  ignore line: [COLLECT_LTO_WRAPPER=/home/yacine/qnx710/host/linux/x86_64/usr/lib/gcc/aarch64-unknown-nto-qnx7.1.0/8.3.0/lto-wrapper]
  ignore line: [Target: aarch64-unknown-nto-qnx7.1.0]
  ignore line: [Configured with: ../configure --srcdir=.. --enable-gnu-indirect-function=yes --enable-cxx-flags=-stdlib=libstdc++ --enable-cheaders=c_global --enable-initfini-array --enable-default-pie --with-as=aarch64-unknown-nto-qnx7.1.0-as --with-ld=aarch64-unknown-nto-qnx7.1.0-ld --prefix=/opt/qnx710/host/linux/x86_64/usr --libexecdir=/opt/qnx710/host/linux/x86_64/usr/lib --with-gxx-include-dir=/opt/qnx710/target/qnx7/usr/include/c++/8.3.0 --enable-threads=posix --enable-__cxa_atexit --enable-languages=c++ --with-sysroot=/opt/qnx710/target/qnx7 --target=aarch64-unknown-nto-qnx7.1.0 --disable-nls --disable-tls --disable-libssp --disable-libstdcxx-pch --enable-libgomp --enable-shared --enable-multilib --with-bugurl=http://www.qnx.com --enable-default-ssp CC=x86_64-unknown-linux-gnu-gcc CFLAGS=-m64 LDFLAGS='-Wl,-s ' CXX=x86_64-unknown-linux-gnu-g++ CXXFLAGS=-m64 AUTOMAKE=: AUTOCONF=: AUTOHEADER=: AUTORECONF=: ACLOCAL=:]
  ignore line: [Thread model: posix]
  ignore line: [gcc version 8.3.0 20190222 (lookup) [qnx710 1535#57] (GCC) ]
  ignore line: [COMPILER_PATH=/home/yacine/qnx710/host/linux/x86_64/usr/bin/:/home/yacine/qnx710/host/linux/x86_64/usr/lib/gcc/aarch64-unknown-nto-qnx7.1.0/8.3.0/:/home/yacine/qnx710/host/linux/x86_64/usr/lib/gcc/aarch64-unknown-nto-qnx7.1.0/8.3.0/:/home/yacine/qnx710/host/linux/x86_64/usr/lib/gcc/aarch64-unknown-nto-qnx7.1.0/:/home/yacine/qnx710/host/linux/x86_64/usr/lib/gcc/aarch64-unknown-nto-qnx7.1.0/8.3.0/:/home/yacine/qnx710/host/linux/x86_64/usr/lib/gcc/aarch64-unknown-nto-qnx7.1.0/]
  ignore line: [LIBRARY_PATH=/home/yacine/qnx710/host/linux/x86_64/usr/lib/gcc/aarch64-unknown-nto-qnx7.1.0/8.3.0/pic/:/home/yacine/qnx710/host/linux/x86_64/usr/lib/gcc/aarch64-unknown-nto-qnx7.1.0/8.3.0/:/home/yacine/qnx710/target/qnx7/usr/lib/]
  ignore line: [COLLECT_GCC_OPTIONS='-D' '_XOPEN_SOURCE=700' '-std=c++17' '-fexceptions' '-fPIC' '-D' '_XOPEN_SOURCE=700' '-std=c++17' '-v' '-o' 'cmTC_2603d' '-L/home/yacine/qnx710/target/qnx7/aarch64le/usr/lib' '-L/home/yacine/qnx710/target/qnx7/aarch64le/lib' '-L/home/yacine/zero/install/lib' '-L/home/yacine/zero/install/lib/cmake' '-shared-libgcc' '-mlittle-endian' '-mabi=lp64']
  link line: [ /home/yacine/qnx710/host/linux/x86_64/usr/lib/gcc/aarch64-unknown-nto-qnx7.1.0/8.3.0/collect2 -plugin /home/yacine/qnx710/host/linux/x86_64/usr/lib/gcc/aarch64-unknown-nto-qnx7.1.0/8.3.0/liblto_plugin.so -plugin-opt=/home/yacine/qnx710/host/linux/x86_64/usr/lib/gcc/aarch64-unknown-nto-qnx7.1.0/8.3.0/lto-wrapper -plugin-opt=-fresolution=/tmp/ccMg2x8z.res -plugin-opt=-pass-through=-lgcc_s -plugin-opt=-pass-through=-lgcc -plugin-opt=-pass-through=-lc -plugin-opt=-pass-through=-lcS -plugin-opt=-pass-through=-lgcc_s -plugin-opt=-pass-through=-lgcc --sysroot=/home/yacine/qnx710/target/qnx7 --eh-frame-hdr -V --build-id=md5 --warn-shared-textrel -zrelro -znow --dynamic-linker /usr/lib/ldqnx-64.so.2 -X -EL -pie -o cmTC_2603d /home/yacine/qnx710/target/qnx7/aarch64le/lib/crt1.o /home/yacine/qnx710/target/qnx7/aarch64le/lib/crti.o /home/yacine/qnx710/host/linux/x86_64/usr/lib/gcc/aarch64-unknown-nto-qnx7.1.0/8.3.0/pic/crtbegin.o -L/home/yacine/qnx710/target/qnx7/aarch64le/usr/lib -L/home/yacine/qnx710/target/qnx7/aarch64le/lib -L/home/yacine/zero/install/lib -L/home/yacine/zero/install/lib/cmake -L/home/yacine/qnx710/host/linux/x86_64/usr/lib/gcc/aarch64-unknown-nto-qnx7.1.0/8.3.0/pic -L/home/yacine/qnx710/host/linux/x86_64/usr/lib/gcc/aarch64-unknown-nto-qnx7.1.0/8.3.0 -L/home/yacine/qnx710/target/qnx7/usr/lib -L /home/yacine/qnx710/target/qnx7/aarch64le/lib/gcc/8.3.0 -L /home/yacine/qnx710/target/qnx7/aarch64le/lib -L /home/yacine/qnx710/target/qnx7/aarch64le/usr/lib -L /home/yacine/qnx710/target/qnx7/aarch64le/opt/lib -rpath-link /home/yacine/qnx710/target/qnx7/aarch64le/lib/gcc/8.3.0:/home/yacine/qnx710/target/qnx7/aarch64le/lib:/home/yacine/qnx710/target/qnx7/aarch64le/usr/lib:/home/yacine/qnx710/target/qnx7/aarch64le/opt/lib -lsocket -lsocket --no-undefined --gc-sections -z relro -z now --no-undefined --gc-sections -z relro -z now CMakeFiles/cmTC_2603d.dir/CMakeCXXCompilerABI.cpp.o -lc++ -lm -lgcc_s -lgcc -lc -lcS -lgcc_s -lgcc /home/yacine/qnx710/host/linux/x86_64/usr/lib/gcc/aarch64-unknown-nto-qnx7.1.0/8.3.0/pic/crtend.o /home/yacine/qnx710/target/qnx7/aarch64le/lib/crtn.o]
    arg [/home/yacine/qnx710/host/linux/x86_64/usr/lib/gcc/aarch64-unknown-nto-qnx7.1.0/8.3.0/collect2] ==> ignore
    arg [-plugin] ==> ignore
    arg [/home/yacine/qnx710/host/linux/x86_64/usr/lib/gcc/aarch64-unknown-nto-qnx7.1.0/8.3.0/liblto_plugin.so] ==> ignore
    arg [-plugin-opt=/home/yacine/qnx710/host/linux/x86_64/usr/lib/gcc/aarch64-unknown-nto-qnx7.1.0/8.3.0/lto-wrapper] ==> ignore
    arg [-plugin-opt=-fresolution=/tmp/ccMg2x8z.res] ==> ignore
    arg [-plugin-opt=-pass-through=-lgcc_s] ==> ignore
    arg [-plugin-opt=-pass-through=-lgcc] ==> ignore
    arg [-plugin-opt=-pass-through=-lc] ==> ignore
    arg [-plugin-opt=-pass-through=-lcS] ==> ignore
    arg [-plugin-opt=-pass-through=-lgcc_s] ==> ignore
    arg [-plugin-opt=-pass-through=-lgcc] ==> ignore
    arg [--sysroot=/home/yacine/qnx710/target/qnx7] ==> ignore
    arg [--eh-frame-hdr] ==> ignore
    arg [-V] ==> ignore
    arg [--build-id=md5] ==> ignore
    arg [--warn-shared-textrel] ==> ignore
    arg [-zrelro] ==> ignore
    arg [-znow] ==> ignore
    arg [--dynamic-linker] ==> ignore
    arg [/usr/lib/ldqnx-64.so.2] ==> ignore
    arg [-X] ==> ignore
    arg [-EL] ==> ignore
    arg [-pie] ==> ignore
    arg [-o] ==> ignore
    arg [cmTC_2603d] ==> ignore
    arg [/home/yacine/qnx710/target/qnx7/aarch64le/lib/crt1.o] ==> ignore
    arg [/home/yacine/qnx710/target/qnx7/aarch64le/lib/crti.o] ==> ignore
    arg [/home/yacine/qnx710/host/linux/x86_64/usr/lib/gcc/aarch64-unknown-nto-qnx7.1.0/8.3.0/pic/crtbegin.o] ==> ignore
    arg [-L/home/yacine/qnx710/target/qnx7/aarch64le/usr/lib] ==> dir [/home/yacine/qnx710/target/qnx7/aarch64le/usr/lib]
    arg [-L/home/yacine/qnx710/target/qnx7/aarch64le/lib] ==> dir [/home/yacine/qnx710/target/qnx7/aarch64le/lib]
    arg [-L/home/yacine/zero/install/lib] ==> dir [/home/yacine/zero/install/lib]
    arg [-L/home/yacine/zero/install/lib/cmake] ==> dir [/home/yacine/zero/install/lib/cmake]
    arg [-L/home/yacine/qnx710/host/linux/x86_64/usr/lib/gcc/aarch64-unknown-nto-qnx7.1.0/8.3.0/pic] ==> dir [/home/yacine/qnx710/host/linux/x86_64/usr/lib/gcc/aarch64-unknown-nto-qnx7.1.0/8.3.0/pic]
    arg [-L/home/yacine/qnx710/host/linux/x86_64/usr/lib/gcc/aarch64-unknown-nto-qnx7.1.0/8.3.0] ==> dir [/home/yacine/qnx710/host/linux/x86_64/usr/lib/gcc/aarch64-unknown-nto-qnx7.1.0/8.3.0]
    arg [-L/home/yacine/qnx710/target/qnx7/usr/lib] ==> dir [/home/yacine/qnx710/target/qnx7/usr/lib]
    arg [-L/home/yacine/qnx710/target/qnx7/aarch64le/lib/gcc/8.3.0] ==> dir [/home/yacine/qnx710/target/qnx7/aarch64le/lib/gcc/8.3.0]
    arg [-L/home/yacine/qnx710/target/qnx7/aarch64le/lib] ==> dir [/home/yacine/qnx710/target/qnx7/aarch64le/lib]
    arg [-L/home/yacine/qnx710/target/qnx7/aarch64le/usr/lib] ==> dir [/home/yacine/qnx710/target/qnx7/aarch64le/usr/lib]
    arg [-L/home/yacine/qnx710/target/qnx7/aarch64le/opt/lib] ==> dir [/home/yacine/qnx710/target/qnx7/aarch64le/opt/lib]
    arg [-rpath-link] ==> ignore
    arg [/home/yacine/qnx710/target/qnx7/aarch64le/lib/gcc/8.3.0:/home/yacine/qnx710/target/qnx7/aarch64le/lib:/home/yacine/qnx710/target/qnx7/aarch64le/usr/lib:/home/yacine/qnx710/target/qnx7/aarch64le/opt/lib] ==> ignore
    arg [-lsocket] ==> lib [socket]
    arg [-lsocket] ==> lib [socket]
    arg [--no-undefined] ==> ignore
    arg [--gc-sections] ==> ignore
    arg [-zrelro] ==> ignore
    arg [-znow] ==> ignore
    arg [--no-undefined] ==> ignore
    arg [--gc-sections] ==> ignore
    arg [-zrelro] ==> ignore
    arg [-znow] ==> ignore
    arg [CMakeFiles/cmTC_2603d.dir/CMakeCXXCompilerABI.cpp.o] ==> ignore
    arg [-lc++] ==> lib [c++]
    arg [-lm] ==> lib [m]
    arg [-lgcc_s] ==> lib [gcc_s]
    arg [-lgcc] ==> lib [gcc]
    arg [-lc] ==> lib [c]
    arg [-lcS] ==> lib [cS]
    arg [-lgcc_s] ==> lib [gcc_s]
    arg [-lgcc] ==> lib [gcc]
    arg [/home/yacine/qnx710/host/linux/x86_64/usr/lib/gcc/aarch64-unknown-nto-qnx7.1.0/8.3.0/pic/crtend.o] ==> ignore
    arg [/home/yacine/qnx710/target/qnx7/aarch64le/lib/crtn.o] ==> ignore
  collapse library dir [/home/yacine/qnx710/target/qnx7/aarch64le/usr/lib] ==> [/home/yacine/qnx710/target/qnx7/aarch64le/usr/lib]
  collapse library dir [/home/yacine/qnx710/target/qnx7/aarch64le/lib] ==> [/home/yacine/qnx710/target/qnx7/aarch64le/lib]
  collapse library dir [/home/yacine/zero/install/lib] ==> [/home/yacine/zero/install/lib]
  collapse library dir [/home/yacine/zero/install/lib/cmake] ==> [/home/yacine/zero/install/lib/cmake]
  collapse library dir [/home/yacine/qnx710/host/linux/x86_64/usr/lib/gcc/aarch64-unknown-nto-qnx7.1.0/8.3.0/pic] ==> [/home/yacine/qnx710/host/linux/x86_64/usr/lib/gcc/aarch64-unknown-nto-qnx7.1.0/8.3.0/pic]
  collapse library dir [/home/yacine/qnx710/host/linux/x86_64/usr/lib/gcc/aarch64-unknown-nto-qnx7.1.0/8.3.0] ==> [/home/yacine/qnx710/host/linux/x86_64/usr/lib/gcc/aarch64-unknown-nto-qnx7.1.0/8.3.0]
  collapse library dir [/home/yacine/qnx710/target/qnx7/usr/lib] ==> [/home/yacine/qnx710/target/qnx7/usr/lib]
  collapse library dir [/home/yacine/qnx710/target/qnx7/aarch64le/lib/gcc/8.3.0] ==> [/home/yacine/qnx710/target/qnx7/aarch64le/lib/gcc/8.3.0]
  collapse library dir [/home/yacine/qnx710/target/qnx7/aarch64le/lib] ==> [/home/yacine/qnx710/target/qnx7/aarch64le/lib]
  collapse library dir [/home/yacine/qnx710/target/qnx7/aarch64le/usr/lib] ==> [/home/yacine/qnx710/target/qnx7/aarch64le/usr/lib]
  collapse library dir [/home/yacine/qnx710/target/qnx7/aarch64le/opt/lib] ==> [/home/yacine/qnx710/target/qnx7/aarch64le/opt/lib]
  implicit libs: [socket;socket;c++;m;gcc_s;gcc;c;cS;gcc_s;gcc]
  implicit dirs: [/home/yacine/qnx710/target/qnx7/aarch64le/usr/lib;/home/yacine/qnx710/target/qnx7/aarch64le/lib;/home/yacine/zero/install/lib;/home/yacine/zero/install/lib/cmake;/home/yacine/qnx710/host/linux/x86_64/usr/lib/gcc/aarch64-unknown-nto-qnx7.1.0/8.3.0/pic;/home/yacine/qnx710/host/linux/x86_64/usr/lib/gcc/aarch64-unknown-nto-qnx7.1.0/8.3.0;/home/yacine/qnx710/target/qnx7/usr/lib;/home/yacine/qnx710/target/qnx7/aarch64le/lib/gcc/8.3.0;/home/yacine/qnx710/target/qnx7/aarch64le/opt/lib]
  implicit fwks: []


