Performing C SOURCE FILE Test CMAKE_HAVE_LIBC_PTHREAD failed with the following output:
Change Dir: /home/yacine/zero/control/build/CMakeFiles/CMakeTmp

Run Build Command(s):/usr/local/bin/make cmTC_c330e/fast && /usr/local/bin/make -f CMakeFiles/cmTC_c330e.dir/build.make CMakeFiles/cmTC_c330e.dir/build
make[1]: Entering directory '/home/yacine/zero/control/build/CMakeFiles/CMakeTmp'
Building C object CMakeFiles/cmTC_c330e.dir/src.c.o
/usr/bin/cc   -O3 -finline-functions  -DCMAKE_HAVE_LIBC_PTHREAD   -o CMakeFiles/cmTC_c330e.dir/src.c.o   -c /home/yacine/zero/control/build/CMakeFiles/CMakeTmp/src.c
Linking C executable cmTC_c330e
/usr/bin/cmake -E cmake_link_script CMakeFiles/cmTC_c330e.dir/link.txt --verbose=1
/usr/bin/cc   -O3 -finline-functions  -DCMAKE_HAVE_LIBC_PTHREAD    CMakeFiles/cmTC_c330e.dir/src.c.o  -o cmTC_c330e 
/usr/bin/ld: CMakeFiles/cmTC_c330e.dir/src.c.o: in function `main':
src.c:(.text.startup+0x29): undefined reference to `pthread_create'
/usr/bin/ld: src.c:(.text.startup+0x32): undefined reference to `pthread_detach'
/usr/bin/ld: src.c:(.text.startup+0x3d): undefined reference to `pthread_join'
collect2: error: ld returned 1 exit status
make[1]: *** [CMakeFiles/cmTC_c330e.dir/build.make:87: cmTC_c330e] Error 1
make[1]: Leaving directory '/home/yacine/zero/control/build/CMakeFiles/CMakeTmp'
make: *** [Makefile:121: cmTC_c330e/fast] Error 2


Source file was:
#include <pthread.h>

void* test_func(void* data)
{
  return data;
}

int main(void)
{
  pthread_t thread;
  pthread_create(&thread, NULL, test_func, NULL);
  pthread_detach(thread);
  pthread_join(thread, NULL);
  pthread_atfork(NULL, NULL, NULL);
  pthread_exit(NULL);

  return 0;
}

Determining if the function pthread_create exists in the pthreads failed with the following output:
Change Dir: /home/yacine/zero/control/build/CMakeFiles/CMakeTmp

Run Build Command(s):/usr/local/bin/make cmTC_ee066/fast && /usr/local/bin/make -f CMakeFiles/cmTC_ee066.dir/build.make CMakeFiles/cmTC_ee066.dir/build
make[1]: Entering directory '/home/yacine/zero/control/build/CMakeFiles/CMakeTmp'
Building C object CMakeFiles/cmTC_ee066.dir/CheckFunctionExists.c.o
/usr/bin/cc   -O3 -finline-functions  -DCHECK_FUNCTION_EXISTS=pthread_create   -o CMakeFiles/cmTC_ee066.dir/CheckFunctionExists.c.o   -c /usr/share/cmake-3.16/Modules/CheckFunctionExists.c
Linking C executable cmTC_ee066
/usr/bin/cmake -E cmake_link_script CMakeFiles/cmTC_ee066.dir/link.txt --verbose=1
/usr/bin/cc   -O3 -finline-functions  -DCHECK_FUNCTION_EXISTS=pthread_create    CMakeFiles/cmTC_ee066.dir/CheckFunctionExists.c.o  -o cmTC_ee066  -lpthreads 
/usr/bin/ld: cannot find -lpthreads
collect2: error: ld returned 1 exit status
make[1]: *** [CMakeFiles/cmTC_ee066.dir/build.make:87: cmTC_ee066] Error 1
make[1]: Leaving directory '/home/yacine/zero/control/build/CMakeFiles/CMakeTmp'
make: *** [Makefile:121: cmTC_ee066/fast] Error 2



